running develop
Removing /home/kaanjetson/ros2_plc_ws/install/plc_comm/lib/python3.10/site-packages/plc-comm.egg-link (link to .)
running egg_info
writing ../../build/plc_comm/plc_comm.egg-info/PKG-INFO
writing dependency_links to ../../build/plc_comm/plc_comm.egg-info/dependency_links.txt
writing entry points to ../../build/plc_comm/plc_comm.egg-info/entry_points.txt
writing requirements to ../../build/plc_comm/plc_comm.egg-info/requires.txt
writing top-level names to ../../build/plc_comm/plc_comm.egg-info/top_level.txt
reading manifest file '../../build/plc_comm/plc_comm.egg-info/SOURCES.txt'
writing manifest file '../../build/plc_comm/plc_comm.egg-info/SOURCES.txt'
running build
running build_py
creating /home/kaanjetson/ros2_plc_ws/build/plc_comm/build
creating /home/kaanjetson/ros2_plc_ws/build/plc_comm/build/lib
creating /home/kaanjetson/ros2_plc_ws/build/plc_comm/build/lib/plc_comm
copying plc_comm/udp_listener_node.py -> /home/kaanjetson/ros2_plc_ws/build/plc_comm/build/lib/plc_comm
copying plc_comm/__init__.py -> /home/kaanjetson/ros2_plc_ws/build/plc_comm/build/lib/plc_comm
running install
running install_lib
creating /home/kaanjetson/ros2_plc_ws/install/plc_comm/lib/python3.10/site-packages/plc_comm
copying /home/kaanjetson/ros2_plc_ws/build/plc_comm/build/lib/plc_comm/udp_listener_node.py -> /home/kaanjetson/ros2_plc_ws/install/plc_comm/lib/python3.10/site-packages/plc_comm
copying /home/kaanjetson/ros2_plc_ws/build/plc_comm/build/lib/plc_comm/__init__.py -> /home/kaanjetson/ros2_plc_ws/install/plc_comm/lib/python3.10/site-packages/plc_comm
byte-compiling /home/kaanjetson/ros2_plc_ws/install/plc_comm/lib/python3.10/site-packages/plc_comm/udp_listener_node.py to udp_listener_node.cpython-310.pyc
byte-compiling /home/kaanjetson/ros2_plc_ws/install/plc_comm/lib/python3.10/site-packages/plc_comm/__init__.py to __init__.cpython-310.pyc
running install_data
copying resource/plc_comm -> /home/kaanjetson/ros2_plc_ws/install/plc_comm/share/ament_index/resource_index/packages
copying package.xml -> /home/kaanjetson/ros2_plc_ws/install/plc_comm/share/plc_comm
running install_egg_info
Copying ../../build/plc_comm/plc_comm.egg-info to /home/kaanjetson/ros2_plc_ws/install/plc_comm/lib/python3.10/site-packages/plc_comm-0.0.0-py3.10.egg-info
running install_scripts
Installing plc_comm_node script to /home/kaanjetson/ros2_plc_ws/install/plc_comm/lib/plc_comm
Installing plc_write_m11_node script to /home/kaanjetson/ros2_plc_ws/install/plc_comm/lib/plc_comm
Installing plc_write_node script to /home/kaanjetson/ros2_plc_ws/install/plc_comm/lib/plc_comm
Installing plc_write_read_node script to /home/kaanjetson/ros2_plc_ws/install/plc_comm/lib/plc_comm
Installing udp_listener_node script to /home/kaanjetson/ros2_plc_ws/install/plc_comm/lib/plc_comm
writing list of installed files to '/home/kaanjetson/ros2_plc_ws/build/plc_comm/install.log'
