[3.168s] Invoking command in '/home/kaanjetson/ros2_plc_ws/build/oak_streamer': PYTHONPATH=/home/kaanjetson/ros2_plc_ws/build/oak_streamer/prefix_override:/usr/lib/python3/dist-packages/colcon_core/task/python/colcon_distutils_commands:/home/kaanjetson/ros2_plc_ws/install/oak_streamer/lib/python3.10/site-packages:${PYTHONPATH} /usr/bin/python3 -W ignore:setup.py install is deprecated -W ignore:easy_install command is deprecated setup.py develop --editable --build-directory /home/kaanjetson/ros2_plc_ws/build/oak_streamer/build --no-deps symlink_data
[3.764s] running develop
[4.200s] running egg_info
[4.201s] creating oak_streamer.egg-info
[4.202s] writing oak_streamer.egg-info/PKG-INFO
[4.202s] writing dependency_links to oak_streamer.egg-info/dependency_links.txt
[4.203s] writing entry points to oak_streamer.egg-info/entry_points.txt
[4.203s] writing requirements to oak_streamer.egg-info/requires.txt
[4.203s] writing top-level names to oak_streamer.egg-info/top_level.txt
[4.204s] writing manifest file 'oak_streamer.egg-info/SOURCES.txt'
[4.238s] reading manifest file 'oak_streamer.egg-info/SOURCES.txt'
[4.247s] writing manifest file 'oak_streamer.egg-info/SOURCES.txt'
[4.257s] running build_ext
[4.265s] Creating /home/kaanjetson/ros2_plc_ws/install/oak_streamer/lib/python3.10/site-packages/oak-streamer.egg-link (link to .)
[4.268s] Installing oak_streamer_node script to /home/kaanjetson/ros2_plc_ws/install/oak_streamer/lib/oak_streamer
[4.269s] 
[4.269s] Installed /home/kaanjetson/ros2_plc_ws/build/oak_streamer
[4.270s] running symlink_data
[4.270s] creating /home/kaanjetson/ros2_plc_ws/install/oak_streamer/share/ament_index
[4.270s] creating /home/kaanjetson/ros2_plc_ws/install/oak_streamer/share/ament_index/resource_index
[4.270s] creating /home/kaanjetson/ros2_plc_ws/install/oak_streamer/share/ament_index/resource_index/packages
[4.271s] symbolically linking /home/kaanjetson/ros2_plc_ws/build/oak_streamer/resource/oak_streamer -> /home/kaanjetson/ros2_plc_ws/install/oak_streamer/share/ament_index/resource_index/packages
[4.271s] symbolically linking /home/kaanjetson/ros2_plc_ws/build/oak_streamer/package.xml -> /home/kaanjetson/ros2_plc_ws/install/oak_streamer/share/oak_streamer
[4.444s] Invoked command in '/home/kaanjetson/ros2_plc_ws/build/oak_streamer' returned '0': PYTHONPATH=/home/kaanjetson/ros2_plc_ws/build/oak_streamer/prefix_override:/usr/lib/python3/dist-packages/colcon_core/task/python/colcon_distutils_commands:/home/kaanjetson/ros2_plc_ws/install/oak_streamer/lib/python3.10/site-packages:${PYTHONPATH} /usr/bin/python3 -W ignore:setup.py install is deprecated -W ignore:easy_install command is deprecated setup.py develop --editable --build-directory /home/kaanjetson/ros2_plc_ws/build/oak_streamer/build --no-deps symlink_data
