[2.579s] Invoking command in '/home/kaanjetson/ros2_plc_ws/src/oak_streamer': PYTHONPATH=/home/kaanjetson/ros2_plc_ws/build/oak_streamer/prefix_override:/usr/lib/python3/dist-packages/colcon_core/task/python/colcon_distutils_commands:/home/kaanjetson/ros2_plc_ws/install/oak_streamer/lib/python3.10/site-packages:${PYTHONPATH} /usr/bin/python3 -W ignore:setup.py install is deprecated -W ignore:easy_install command is deprecated setup.py egg_info --egg-base ../../build/oak_streamer build --build-base /home/kaanjetson/ros2_plc_ws/build/oak_streamer/build install --record /home/kaanjetson/ros2_plc_ws/build/oak_streamer/install.log --single-version-externally-managed install_data
[3.255s] running egg_info
[3.257s] creating ../../build/oak_streamer/oak_streamer.egg-info
[3.257s] writing ../../build/oak_streamer/oak_streamer.egg-info/PKG-INFO
[3.258s] writing dependency_links to ../../build/oak_streamer/oak_streamer.egg-info/dependency_links.txt
[3.258s] writing entry points to ../../build/oak_streamer/oak_streamer.egg-info/entry_points.txt
[3.258s] writing requirements to ../../build/oak_streamer/oak_streamer.egg-info/requires.txt
[3.258s] writing top-level names to ../../build/oak_streamer/oak_streamer.egg-info/top_level.txt
[3.259s] writing manifest file '../../build/oak_streamer/oak_streamer.egg-info/SOURCES.txt'
[3.263s] reading manifest file '../../build/oak_streamer/oak_streamer.egg-info/SOURCES.txt'
[3.265s] writing manifest file '../../build/oak_streamer/oak_streamer.egg-info/SOURCES.txt'
[3.266s] running build
[3.266s] running build_py
[3.267s] creating /home/kaanjetson/ros2_plc_ws/build/oak_streamer/build
[3.267s] creating /home/kaanjetson/ros2_plc_ws/build/oak_streamer/build/lib
[3.267s] creating /home/kaanjetson/ros2_plc_ws/build/oak_streamer/build/lib/oak_streamer
[3.267s] copying oak_streamer/__init__.py -> /home/kaanjetson/ros2_plc_ws/build/oak_streamer/build/lib/oak_streamer
[3.267s] copying oak_streamer/oak_streamer_node.py -> /home/kaanjetson/ros2_plc_ws/build/oak_streamer/build/lib/oak_streamer
[3.268s] running install
[3.269s] running install_lib
[3.272s] creating /home/kaanjetson/ros2_plc_ws/install/oak_streamer/lib/python3.10/site-packages/oak_streamer
[3.272s] copying /home/kaanjetson/ros2_plc_ws/build/oak_streamer/build/lib/oak_streamer/__init__.py -> /home/kaanjetson/ros2_plc_ws/install/oak_streamer/lib/python3.10/site-packages/oak_streamer
[3.272s] copying /home/kaanjetson/ros2_plc_ws/build/oak_streamer/build/lib/oak_streamer/oak_streamer_node.py -> /home/kaanjetson/ros2_plc_ws/install/oak_streamer/lib/python3.10/site-packages/oak_streamer
[3.273s] byte-compiling /home/kaanjetson/ros2_plc_ws/install/oak_streamer/lib/python3.10/site-packages/oak_streamer/__init__.py to __init__.cpython-310.pyc
[3.274s] byte-compiling /home/kaanjetson/ros2_plc_ws/install/oak_streamer/lib/python3.10/site-packages/oak_streamer/oak_streamer_node.py to oak_streamer_node.cpython-310.pyc
[3.276s] running install_data
[3.277s] creating /home/kaanjetson/ros2_plc_ws/install/oak_streamer/share/ament_index
[3.277s] creating /home/kaanjetson/ros2_plc_ws/install/oak_streamer/share/ament_index/resource_index
[3.277s] creating /home/kaanjetson/ros2_plc_ws/install/oak_streamer/share/ament_index/resource_index/packages
[3.277s] copying resource/oak_streamer -> /home/kaanjetson/ros2_plc_ws/install/oak_streamer/share/ament_index/resource_index/packages
[3.277s] copying package.xml -> /home/kaanjetson/ros2_plc_ws/install/oak_streamer/share/oak_streamer
[3.277s] running install_egg_info
[3.282s] Copying ../../build/oak_streamer/oak_streamer.egg-info to /home/kaanjetson/ros2_plc_ws/install/oak_streamer/lib/python3.10/site-packages/oak_streamer-0.0.0-py3.10.egg-info
[3.284s] running install_scripts
[3.346s] Installing oak_streamer_node script to /home/kaanjetson/ros2_plc_ws/install/oak_streamer/lib/oak_streamer
[3.346s] writing list of installed files to '/home/kaanjetson/ros2_plc_ws/build/oak_streamer/install.log'
[3.442s] Invoked command in '/home/kaanjetson/ros2_plc_ws/src/oak_streamer' returned '0': PYTHONPATH=/home/kaanjetson/ros2_plc_ws/build/oak_streamer/prefix_override:/usr/lib/python3/dist-packages/colcon_core/task/python/colcon_distutils_commands:/home/kaanjetson/ros2_plc_ws/install/oak_streamer/lib/python3.10/site-packages:${PYTHONPATH} /usr/bin/python3 -W ignore:setup.py install is deprecated -W ignore:easy_install command is deprecated setup.py egg_info --egg-base ../../build/oak_streamer build --build-base /home/kaanjetson/ros2_plc_ws/build/oak_streamer/build install --record /home/kaanjetson/ros2_plc_ws/build/oak_streamer/install.log --single-version-externally-managed install_data
