[2.595s] Invoking command in '/home/kaanjetson/ros2_plc_ws/src/plc_comm': PYTHONPATH=/home/kaanjetson/ros2_plc_ws/build/plc_comm/prefix_override:/usr/lib/python3/dist-packages/colcon_core/task/python/colcon_distutils_commands:/home/kaanjetson/ros2_plc_ws/install/plc_comm/lib/python3.10/site-packages:${PYTHONPATH} /usr/bin/python3 -W ignore:setup.py install is deprecated -W ignore:easy_install command is deprecated setup.py egg_info --egg-base ../../build/plc_comm build --build-base /home/kaanjetson/ros2_plc_ws/build/plc_comm/build install --record /home/kaanjetson/ros2_plc_ws/build/plc_comm/install.log --single-version-externally-managed install_data
[3.196s] running egg_info
[3.200s] creating ../../build/plc_comm/plc_comm.egg-info
[3.201s] writing ../../build/plc_comm/plc_comm.egg-info/PKG-INFO
[3.202s] writing dependency_links to ../../build/plc_comm/plc_comm.egg-info/dependency_links.txt
[3.203s] writing entry points to ../../build/plc_comm/plc_comm.egg-info/entry_points.txt
[3.203s] writing requirements to ../../build/plc_comm/plc_comm.egg-info/requires.txt
[3.204s] writing top-level names to ../../build/plc_comm/plc_comm.egg-info/top_level.txt
[3.205s] writing manifest file '../../build/plc_comm/plc_comm.egg-info/SOURCES.txt'
[3.209s] reading manifest file '../../build/plc_comm/plc_comm.egg-info/SOURCES.txt'
[3.210s] writing manifest file '../../build/plc_comm/plc_comm.egg-info/SOURCES.txt'
[3.211s] running build
[3.211s] running build_py
[3.211s] creating /home/kaanjetson/ros2_plc_ws/build/plc_comm/build
[3.212s] creating /home/kaanjetson/ros2_plc_ws/build/plc_comm/build/lib
[3.212s] creating /home/kaanjetson/ros2_plc_ws/build/plc_comm/build/lib/plc_comm
[3.212s] copying plc_comm/udp_listener_node.py -> /home/kaanjetson/ros2_plc_ws/build/plc_comm/build/lib/plc_comm
[3.213s] copying plc_comm/__init__.py -> /home/kaanjetson/ros2_plc_ws/build/plc_comm/build/lib/plc_comm
[3.214s] running install
[3.215s] running install_lib
[3.216s] creating /home/kaanjetson/ros2_plc_ws/install/plc_comm/lib/python3.10/site-packages/plc_comm
[3.217s] copying /home/kaanjetson/ros2_plc_ws/build/plc_comm/build/lib/plc_comm/udp_listener_node.py -> /home/kaanjetson/ros2_plc_ws/install/plc_comm/lib/python3.10/site-packages/plc_comm
[3.217s] copying /home/kaanjetson/ros2_plc_ws/build/plc_comm/build/lib/plc_comm/__init__.py -> /home/kaanjetson/ros2_plc_ws/install/plc_comm/lib/python3.10/site-packages/plc_comm
[3.218s] byte-compiling /home/kaanjetson/ros2_plc_ws/install/plc_comm/lib/python3.10/site-packages/plc_comm/udp_listener_node.py to udp_listener_node.cpython-310.pyc
[3.221s] byte-compiling /home/kaanjetson/ros2_plc_ws/install/plc_comm/lib/python3.10/site-packages/plc_comm/__init__.py to __init__.cpython-310.pyc
[3.221s] running install_data
[3.222s] creating /home/kaanjetson/ros2_plc_ws/install/plc_comm/share/ament_index
[3.228s] creating /home/kaanjetson/ros2_plc_ws/install/plc_comm/share/ament_index/resource_index
[3.228s] creating /home/kaanjetson/ros2_plc_ws/install/plc_comm/share/ament_index/resource_index/packages
[3.229s] copying resource/plc_comm -> /home/kaanjetson/ros2_plc_ws/install/plc_comm/share/ament_index/resource_index/packages
[3.230s] copying package.xml -> /home/kaanjetson/ros2_plc_ws/install/plc_comm/share/plc_comm
[3.231s] running install_egg_info
[3.237s] Copying ../../build/plc_comm/plc_comm.egg-info to /home/kaanjetson/ros2_plc_ws/install/plc_comm/lib/python3.10/site-packages/plc_comm-0.0.0-py3.10.egg-info
[3.240s] running install_scripts
[3.288s] Installing plc_comm_node script to /home/kaanjetson/ros2_plc_ws/install/plc_comm/lib/plc_comm
[3.289s] Installing plc_write_m11_node script to /home/kaanjetson/ros2_plc_ws/install/plc_comm/lib/plc_comm
[3.289s] Installing plc_write_node script to /home/kaanjetson/ros2_plc_ws/install/plc_comm/lib/plc_comm
[3.289s] Installing plc_write_read_node script to /home/kaanjetson/ros2_plc_ws/install/plc_comm/lib/plc_comm
[3.289s] Installing udp_listener_node script to /home/kaanjetson/ros2_plc_ws/install/plc_comm/lib/plc_comm
[3.290s] writing list of installed files to '/home/kaanjetson/ros2_plc_ws/build/plc_comm/install.log'
[3.373s] Invoked command in '/home/kaanjetson/ros2_plc_ws/src/plc_comm' returned '0': PYTHONPATH=/home/kaanjetson/ros2_plc_ws/build/plc_comm/prefix_override:/usr/lib/python3/dist-packages/colcon_core/task/python/colcon_distutils_commands:/home/kaanjetson/ros2_plc_ws/install/plc_comm/lib/python3.10/site-packages:${PYTHONPATH} /usr/bin/python3 -W ignore:setup.py install is deprecated -W ignore:easy_install command is deprecated setup.py egg_info --egg-base ../../build/plc_comm build --build-base /home/kaanjetson/ros2_plc_ws/build/plc_comm/build install --record /home/kaanjetson/ros2_plc_ws/build/plc_comm/install.log --single-version-externally-managed install_data
