[2.534s] Invoking command in '/home/kaanjetson/ros2_plc_ws/src/plc_comm': PYTHONPATH=/home/kaanjetson/ros2_plc_ws/build/plc_comm/prefix_override:/usr/lib/python3/dist-packages/colcon_core/task/python/colcon_distutils_commands:/home/kaanjetson/ros2_plc_ws/install/plc_comm/lib/python3.10/site-packages:${PYTHONPATH} /usr/bin/python3 -W ignore:setup.py install is deprecated -W ignore:easy_install command is deprecated setup.py egg_info --egg-base ../../build/plc_comm build --build-base /home/kaanjetson/ros2_plc_ws/build/plc_comm/build install --record /home/kaanjetson/ros2_plc_ws/build/plc_comm/install.log --single-version-externally-managed install_data
[3.076s] running egg_info
[3.078s] writing ../../build/plc_comm/plc_comm.egg-info/PKG-INFO
[3.079s] writing dependency_links to ../../build/plc_comm/plc_comm.egg-info/dependency_links.txt
[3.079s] writing entry points to ../../build/plc_comm/plc_comm.egg-info/entry_points.txt
[3.079s] writing requirements to ../../build/plc_comm/plc_comm.egg-info/requires.txt
[3.080s] writing top-level names to ../../build/plc_comm/plc_comm.egg-info/top_level.txt
[3.087s] reading manifest file '../../build/plc_comm/plc_comm.egg-info/SOURCES.txt'
[3.089s] writing manifest file '../../build/plc_comm/plc_comm.egg-info/SOURCES.txt'
[3.089s] running build
[3.089s] running build_py
[3.090s] running install
[3.090s] running install_lib
[3.093s] running install_data
[3.094s] running install_egg_info
[3.098s] removing '/home/kaanjetson/ros2_plc_ws/install/plc_comm/lib/python3.10/site-packages/plc_comm-0.0.0-py3.10.egg-info' (and everything under it)
[3.099s] Copying ../../build/plc_comm/plc_comm.egg-info to /home/kaanjetson/ros2_plc_ws/install/plc_comm/lib/python3.10/site-packages/plc_comm-0.0.0-py3.10.egg-info
[3.101s] running install_scripts
[3.147s] Installing plc_comm_node script to /home/kaanjetson/ros2_plc_ws/install/plc_comm/lib/plc_comm
[3.148s] Installing plc_write_m11_node script to /home/kaanjetson/ros2_plc_ws/install/plc_comm/lib/plc_comm
[3.148s] Installing plc_write_node script to /home/kaanjetson/ros2_plc_ws/install/plc_comm/lib/plc_comm
[3.148s] Installing plc_write_read_node script to /home/kaanjetson/ros2_plc_ws/install/plc_comm/lib/plc_comm
[3.148s] Installing udp_listener_node script to /home/kaanjetson/ros2_plc_ws/install/plc_comm/lib/plc_comm
[3.149s] writing list of installed files to '/home/kaanjetson/ros2_plc_ws/build/plc_comm/install.log'
[3.239s] Invoked command in '/home/kaanjetson/ros2_plc_ws/src/plc_comm' returned '0': PYTHONPATH=/home/kaanjetson/ros2_plc_ws/build/plc_comm/prefix_override:/usr/lib/python3/dist-packages/colcon_core/task/python/colcon_distutils_commands:/home/kaanjetson/ros2_plc_ws/install/plc_comm/lib/python3.10/site-packages:${PYTHONPATH} /usr/bin/python3 -W ignore:setup.py install is deprecated -W ignore:easy_install command is deprecated setup.py egg_info --egg-base ../../build/plc_comm build --build-base /home/kaanjetson/ros2_plc_ws/build/plc_comm/build install --record /home/kaanjetson/ros2_plc_ws/build/plc_comm/install.log --single-version-externally-managed install_data
