[2.636s] Invoking command in '/home/kaanjetson/ros2_plc_ws/build/oak_streamer': PYTHONPATH=/home/kaanjetson/ros2_plc_ws/build/oak_streamer/prefix_override:/usr/lib/python3/dist-packages/colcon_core/task/python/colcon_distutils_commands:/home/kaanjetson/ros2_plc_ws/install/oak_streamer/lib/python3.10/site-packages:${PYTHONPATH} /usr/bin/python3 -W ignore:setup.py install is deprecated -W ignore:easy_install command is deprecated setup.py develop --uninstall --editable --build-directory /home/kaanjetson/ros2_plc_ws/build/oak_streamer/build
[3.262s] running develop
[3.669s] Removing /home/kaanjetson/ros2_plc_ws/install/oak_streamer/lib/python3.10/site-packages/oak-streamer.egg-link (link to .)
[3.766s] Invoked command in '/home/kaanjetson/ros2_plc_ws/build/oak_streamer' returned '0': PYTHONPATH=/home/kaanjetson/ros2_plc_ws/build/oak_streamer/prefix_override:/usr/lib/python3/dist-packages/colcon_core/task/python/colcon_distutils_commands:/home/kaanjetson/ros2_plc_ws/install/oak_streamer/lib/python3.10/site-packages:${PYTHONPATH} /usr/bin/python3 -W ignore:setup.py install is deprecated -W ignore:easy_install command is deprecated setup.py develop --uninstall --editable --build-directory /home/kaanjetson/ros2_plc_ws/build/oak_streamer/build
[3.770s] Invoking command in '/home/kaanjetson/ros2_plc_ws/src/oak_streamer': PYTHONPATH=/home/kaanjetson/ros2_plc_ws/build/oak_streamer/prefix_override:/usr/lib/python3/dist-packages/colcon_core/task/python/colcon_distutils_commands:/home/kaanjetson/ros2_plc_ws/install/oak_streamer/lib/python3.10/site-packages:${PYTHONPATH} /usr/bin/python3 -W ignore:setup.py install is deprecated -W ignore:easy_install command is deprecated setup.py egg_info --egg-base ../../build/oak_streamer build --build-base /home/kaanjetson/ros2_plc_ws/build/oak_streamer/build install --record /home/kaanjetson/ros2_plc_ws/build/oak_streamer/install.log --single-version-externally-managed install_data --force
[4.294s] running egg_info
[4.295s] writing ../../build/oak_streamer/oak_streamer.egg-info/PKG-INFO
[4.296s] writing dependency_links to ../../build/oak_streamer/oak_streamer.egg-info/dependency_links.txt
[4.297s] writing entry points to ../../build/oak_streamer/oak_streamer.egg-info/entry_points.txt
[4.297s] writing requirements to ../../build/oak_streamer/oak_streamer.egg-info/requires.txt
[4.298s] writing top-level names to ../../build/oak_streamer/oak_streamer.egg-info/top_level.txt
[4.301s] reading manifest file '../../build/oak_streamer/oak_streamer.egg-info/SOURCES.txt'
[4.303s] writing manifest file '../../build/oak_streamer/oak_streamer.egg-info/SOURCES.txt'
[4.303s] running build
[4.303s] running build_py
[4.303s] creating /home/kaanjetson/ros2_plc_ws/build/oak_streamer/build
[4.304s] creating /home/kaanjetson/ros2_plc_ws/build/oak_streamer/build/lib
[4.304s] creating /home/kaanjetson/ros2_plc_ws/build/oak_streamer/build/lib/oak_streamer
[4.304s] copying oak_streamer/__init__.py -> /home/kaanjetson/ros2_plc_ws/build/oak_streamer/build/lib/oak_streamer
[4.304s] copying oak_streamer/oak_streamer_node.py -> /home/kaanjetson/ros2_plc_ws/build/oak_streamer/build/lib/oak_streamer
[4.305s] running install
[4.306s] running install_lib
[4.308s] creating /home/kaanjetson/ros2_plc_ws/install/oak_streamer/lib/python3.10/site-packages/oak_streamer
[4.308s] copying /home/kaanjetson/ros2_plc_ws/build/oak_streamer/build/lib/oak_streamer/__init__.py -> /home/kaanjetson/ros2_plc_ws/install/oak_streamer/lib/python3.10/site-packages/oak_streamer
[4.308s] copying /home/kaanjetson/ros2_plc_ws/build/oak_streamer/build/lib/oak_streamer/oak_streamer_node.py -> /home/kaanjetson/ros2_plc_ws/install/oak_streamer/lib/python3.10/site-packages/oak_streamer
[4.309s] byte-compiling /home/kaanjetson/ros2_plc_ws/install/oak_streamer/lib/python3.10/site-packages/oak_streamer/__init__.py to __init__.cpython-310.pyc
[4.309s] byte-compiling /home/kaanjetson/ros2_plc_ws/install/oak_streamer/lib/python3.10/site-packages/oak_streamer/oak_streamer_node.py to oak_streamer_node.cpython-310.pyc
[4.311s] running install_data
[4.311s] copying resource/oak_streamer -> /home/kaanjetson/ros2_plc_ws/install/oak_streamer/share/ament_index/resource_index/packages
[4.311s] copying package.xml -> /home/kaanjetson/ros2_plc_ws/install/oak_streamer/share/oak_streamer
[4.311s] running install_egg_info
[4.316s] Copying ../../build/oak_streamer/oak_streamer.egg-info to /home/kaanjetson/ros2_plc_ws/install/oak_streamer/lib/python3.10/site-packages/oak_streamer-0.0.0-py3.10.egg-info
[4.319s] running install_scripts
[4.362s] Installing oak_streamer_node script to /home/kaanjetson/ros2_plc_ws/install/oak_streamer/lib/oak_streamer
[4.363s] writing list of installed files to '/home/kaanjetson/ros2_plc_ws/build/oak_streamer/install.log'
[4.470s] Invoked command in '/home/kaanjetson/ros2_plc_ws/src/oak_streamer' returned '0': PYTHONPATH=/home/kaanjetson/ros2_plc_ws/build/oak_streamer/prefix_override:/usr/lib/python3/dist-packages/colcon_core/task/python/colcon_distutils_commands:/home/kaanjetson/ros2_plc_ws/install/oak_streamer/lib/python3.10/site-packages:${PYTHONPATH} /usr/bin/python3 -W ignore:setup.py install is deprecated -W ignore:easy_install command is deprecated setup.py egg_info --egg-base ../../build/oak_streamer build --build-base /home/kaanjetson/ros2_plc_ws/build/oak_streamer/build install --record /home/kaanjetson/ros2_plc_ws/build/oak_streamer/install.log --single-version-externally-managed install_data --force
