[0.264s] DEBUG:colcon:Command line arguments: ['/usr/bin/colcon', 'build', '--symlink-install']
[0.265s] DEBUG:colcon:Parsed command line arguments: Namespace(log_base=None, log_level=None, verb_name='build', build_base='build', install_base='install', merge_install=False, symlink_install=True, test_result_base=None, continue_on_error=False, executor='parallel', parallel_workers=6, event_handlers=None, ignore_user_meta=False, metas=['./colcon.meta'], base_paths=['.'], packages_ignore=None, packages_ignore_regex=None, paths=None, packages_up_to=None, packages_up_to_regex=None, packages_above=None, packages_above_and_dependencies=None, packages_above_depth=None, packages_select_by_dep=None, packages_skip_by_dep=None, packages_skip_up_to=None, packages_select_build_failed=False, packages_skip_build_finished=False, packages_select_test_failures=False, packages_skip_test_passed=False, packages_select=None, packages_skip=None, packages_select_regex=None, packages_skip_regex=None, packages_start=None, packages_end=None, allow_overriding=[], cmake_args=None, cmake_target=None, cmake_target_skip_unavailable=False, cmake_clean_cache=False, cmake_clean_first=False, cmake_force_configure=False, ament_cmake_args=None, catkin_cmake_args=None, catkin_skip_building_tests=False, verb_parser=<colcon_defaults.argument_parser.defaults.DefaultArgumentsDecorator object at 0xffffb8ef8190>, verb_extension=<colcon_core.verb.build.BuildVerb object at 0xffffb9150df0>, main=<bound method BuildVerb.main of <colcon_core.verb.build.BuildVerb object at 0xffffb9150df0>>)
[0.696s] Level 1:colcon.colcon_core.package_discovery:discover_packages(colcon_meta) check parameters
[0.696s] Level 1:colcon.colcon_core.package_discovery:discover_packages(recursive) check parameters
[0.696s] Level 1:colcon.colcon_core.package_discovery:discover_packages(ignore) check parameters
[0.696s] Level 1:colcon.colcon_core.package_discovery:discover_packages(path) check parameters
[0.696s] Level 1:colcon.colcon_core.package_discovery:discover_packages(colcon_meta) discover
[0.697s] Level 1:colcon.colcon_core.package_discovery:discover_packages(recursive) discover
[0.697s] INFO:colcon.colcon_core.package_discovery:Crawling recursively for packages in '/home/kaanjetson/ros2_plc_ws'
[0.697s] Level 1:colcon.colcon_core.package_identification:_identify(.) by extensions ['ignore', 'ignore_ament_install']
[0.697s] Level 1:colcon.colcon_core.package_identification:_identify(.) by extension 'ignore'
[0.697s] Level 1:colcon.colcon_core.package_identification:_identify(.) by extension 'ignore_ament_install'
[0.697s] Level 1:colcon.colcon_core.package_identification:_identify(.) by extensions ['colcon_pkg']
[0.698s] Level 1:colcon.colcon_core.package_identification:_identify(.) by extension 'colcon_pkg'
[0.698s] Level 1:colcon.colcon_core.package_identification:_identify(.) by extensions ['colcon_meta']
[0.698s] Level 1:colcon.colcon_core.package_identification:_identify(.) by extension 'colcon_meta'
[0.698s] Level 1:colcon.colcon_core.package_identification:_identify(.) by extensions ['ros']
[0.698s] Level 1:colcon.colcon_core.package_identification:_identify(.) by extension 'ros'
[0.723s] Level 1:colcon.colcon_core.package_identification:_identify(.) by extensions ['cmake', 'python']
[0.723s] Level 1:colcon.colcon_core.package_identification:_identify(.) by extension 'cmake'
[0.723s] Level 1:colcon.colcon_core.package_identification:_identify(.) by extension 'python'
[0.723s] Level 1:colcon.colcon_core.package_identification:_identify(.) by extensions ['python_setup_py']
[0.723s] Level 1:colcon.colcon_core.package_identification:_identify(.) by extension 'python_setup_py'
[0.724s] Level 1:colcon.colcon_core.package_identification:_identify(build) by extensions ['ignore', 'ignore_ament_install']
[0.724s] Level 1:colcon.colcon_core.package_identification:_identify(build) by extension 'ignore'
[0.724s] Level 1:colcon.colcon_core.package_identification:_identify(build) ignored
[0.724s] Level 1:colcon.colcon_core.package_identification:_identify(install) by extensions ['ignore', 'ignore_ament_install']
[0.725s] Level 1:colcon.colcon_core.package_identification:_identify(install) by extension 'ignore'
[0.725s] Level 1:colcon.colcon_core.package_identification:_identify(install) ignored
[0.725s] Level 1:colcon.colcon_core.package_identification:_identify(log) by extensions ['ignore', 'ignore_ament_install']
[0.725s] Level 1:colcon.colcon_core.package_identification:_identify(log) by extension 'ignore'
[0.725s] Level 1:colcon.colcon_core.package_identification:_identify(log) ignored
[0.725s] Level 1:colcon.colcon_core.package_identification:_identify(src) by extensions ['ignore', 'ignore_ament_install']
[0.726s] Level 1:colcon.colcon_core.package_identification:_identify(src) by extension 'ignore'
[0.726s] Level 1:colcon.colcon_core.package_identification:_identify(src) by extension 'ignore_ament_install'
[0.726s] Level 1:colcon.colcon_core.package_identification:_identify(src) by extensions ['colcon_pkg']
[0.726s] Level 1:colcon.colcon_core.package_identification:_identify(src) by extension 'colcon_pkg'
[0.726s] Level 1:colcon.colcon_core.package_identification:_identify(src) by extensions ['colcon_meta']
[0.726s] Level 1:colcon.colcon_core.package_identification:_identify(src) by extension 'colcon_meta'
[0.726s] Level 1:colcon.colcon_core.package_identification:_identify(src) by extensions ['ros']
[0.726s] Level 1:colcon.colcon_core.package_identification:_identify(src) by extension 'ros'
[0.727s] Level 1:colcon.colcon_core.package_identification:_identify(src) by extensions ['cmake', 'python']
[0.727s] Level 1:colcon.colcon_core.package_identification:_identify(src) by extension 'cmake'
[0.727s] Level 1:colcon.colcon_core.package_identification:_identify(src) by extension 'python'
[0.727s] Level 1:colcon.colcon_core.package_identification:_identify(src) by extensions ['python_setup_py']
[0.727s] Level 1:colcon.colcon_core.package_identification:_identify(src) by extension 'python_setup_py'
[0.727s] Level 1:colcon.colcon_core.package_identification:_identify(src/commcheck) by extensions ['ignore', 'ignore_ament_install']
[0.727s] Level 1:colcon.colcon_core.package_identification:_identify(src/commcheck) by extension 'ignore'
[0.727s] Level 1:colcon.colcon_core.package_identification:_identify(src/commcheck) by extension 'ignore_ament_install'
[0.728s] Level 1:colcon.colcon_core.package_identification:_identify(src/commcheck) by extensions ['colcon_pkg']
[0.728s] Level 1:colcon.colcon_core.package_identification:_identify(src/commcheck) by extension 'colcon_pkg'
[0.728s] Level 1:colcon.colcon_core.package_identification:_identify(src/commcheck) by extensions ['colcon_meta']
[0.728s] Level 1:colcon.colcon_core.package_identification:_identify(src/commcheck) by extension 'colcon_meta'
[0.728s] Level 1:colcon.colcon_core.package_identification:_identify(src/commcheck) by extensions ['ros']
[0.728s] Level 1:colcon.colcon_core.package_identification:_identify(src/commcheck) by extension 'ros'
[0.734s] DEBUG:colcon.colcon_core.package_identification:Package 'src/commcheck' with type 'ros.ament_python' and name 'commcheck'
[0.735s] Level 1:colcon.colcon_core.package_identification:_identify(src/oak_streamer) by extensions ['ignore', 'ignore_ament_install']
[0.735s] Level 1:colcon.colcon_core.package_identification:_identify(src/oak_streamer) by extension 'ignore'
[0.735s] Level 1:colcon.colcon_core.package_identification:_identify(src/oak_streamer) by extension 'ignore_ament_install'
[0.735s] Level 1:colcon.colcon_core.package_identification:_identify(src/oak_streamer) by extensions ['colcon_pkg']
[0.735s] Level 1:colcon.colcon_core.package_identification:_identify(src/oak_streamer) by extension 'colcon_pkg'
[0.736s] Level 1:colcon.colcon_core.package_identification:_identify(src/oak_streamer) by extensions ['colcon_meta']
[0.736s] Level 1:colcon.colcon_core.package_identification:_identify(src/oak_streamer) by extension 'colcon_meta'
[0.736s] Level 1:colcon.colcon_core.package_identification:_identify(src/oak_streamer) by extensions ['ros']
[0.736s] Level 1:colcon.colcon_core.package_identification:_identify(src/oak_streamer) by extension 'ros'
[0.737s] DEBUG:colcon.colcon_core.package_identification:Package 'src/oak_streamer' with type 'ros.ament_python' and name 'oak_streamer'
[0.738s] Level 1:colcon.colcon_core.package_identification:_identify(src/plc_comm) by extensions ['ignore', 'ignore_ament_install']
[0.738s] Level 1:colcon.colcon_core.package_identification:_identify(src/plc_comm) by extension 'ignore'
[0.738s] Level 1:colcon.colcon_core.package_identification:_identify(src/plc_comm) by extension 'ignore_ament_install'
[0.738s] Level 1:colcon.colcon_core.package_identification:_identify(src/plc_comm) by extensions ['colcon_pkg']
[0.738s] Level 1:colcon.colcon_core.package_identification:_identify(src/plc_comm) by extension 'colcon_pkg'
[0.738s] Level 1:colcon.colcon_core.package_identification:_identify(src/plc_comm) by extensions ['colcon_meta']
[0.739s] Level 1:colcon.colcon_core.package_identification:_identify(src/plc_comm) by extension 'colcon_meta'
[0.739s] Level 1:colcon.colcon_core.package_identification:_identify(src/plc_comm) by extensions ['ros']
[0.739s] Level 1:colcon.colcon_core.package_identification:_identify(src/plc_comm) by extension 'ros'
[0.741s] DEBUG:colcon.colcon_core.package_identification:Package 'src/plc_comm' with type 'ros.ament_python' and name 'plc_comm'
[0.741s] Level 1:colcon.colcon_core.package_discovery:discover_packages(recursive) using defaults
[0.741s] Level 1:colcon.colcon_core.package_discovery:discover_packages(ignore) discover
[0.741s] Level 1:colcon.colcon_core.package_discovery:discover_packages(ignore) using defaults
[0.741s] Level 1:colcon.colcon_core.package_discovery:discover_packages(path) discover
[0.741s] Level 1:colcon.colcon_core.package_discovery:discover_packages(path) using defaults
[0.824s] Level 1:colcon.colcon_core.package_discovery:discover_packages(prefix_path) check parameters
[0.824s] Level 1:colcon.colcon_core.package_discovery:discover_packages(prefix_path) discover
[0.827s] WARNING:colcon.colcon_ros.prefix_path.ament:The path '/home/kaanjetson/ros2_plc_ws/install/oak_streamer' in the environment variable AMENT_PREFIX_PATH doesn't exist
[0.828s] DEBUG:colcon.colcon_installed_package_information.package_discovery:Found 0 installed packages in /home/kaanjetson/ros2_plc_ws/install
[0.831s] DEBUG:colcon.colcon_installed_package_information.package_discovery:Found 294 installed packages in /opt/ros/humble
[0.834s] Level 1:colcon.colcon_core.package_discovery:discover_packages(prefix_path) using defaults
[0.915s] Level 5:colcon.colcon_core.verb:set package 'commcheck' build argument 'cmake_args' from command line to 'None'
[0.916s] Level 5:colcon.colcon_core.verb:set package 'commcheck' build argument 'cmake_target' from command line to 'None'
[0.916s] Level 5:colcon.colcon_core.verb:set package 'commcheck' build argument 'cmake_target_skip_unavailable' from command line to 'False'
[0.916s] Level 5:colcon.colcon_core.verb:set package 'commcheck' build argument 'cmake_clean_cache' from command line to 'False'
[0.916s] Level 5:colcon.colcon_core.verb:set package 'commcheck' build argument 'cmake_clean_first' from command line to 'False'
[0.916s] Level 5:colcon.colcon_core.verb:set package 'commcheck' build argument 'cmake_force_configure' from command line to 'False'
[0.916s] Level 5:colcon.colcon_core.verb:set package 'commcheck' build argument 'ament_cmake_args' from command line to 'None'
[0.916s] Level 5:colcon.colcon_core.verb:set package 'commcheck' build argument 'catkin_cmake_args' from command line to 'None'
[0.916s] Level 5:colcon.colcon_core.verb:set package 'commcheck' build argument 'catkin_skip_building_tests' from command line to 'False'
[0.916s] DEBUG:colcon.colcon_core.verb:Building package 'commcheck' with the following arguments: {'ament_cmake_args': None, 'build_base': '/home/kaanjetson/ros2_plc_ws/build/commcheck', 'catkin_cmake_args': None, 'catkin_skip_building_tests': False, 'cmake_args': None, 'cmake_clean_cache': False, 'cmake_clean_first': False, 'cmake_force_configure': False, 'cmake_target': None, 'cmake_target_skip_unavailable': False, 'install_base': '/home/kaanjetson/ros2_plc_ws/install/commcheck', 'merge_install': False, 'path': '/home/kaanjetson/ros2_plc_ws/src/commcheck', 'symlink_install': True, 'test_result_base': None}
[0.917s] Level 5:colcon.colcon_core.verb:set package 'oak_streamer' build argument 'cmake_args' from command line to 'None'
[0.917s] Level 5:colcon.colcon_core.verb:set package 'oak_streamer' build argument 'cmake_target' from command line to 'None'
[0.917s] Level 5:colcon.colcon_core.verb:set package 'oak_streamer' build argument 'cmake_target_skip_unavailable' from command line to 'False'
[0.917s] Level 5:colcon.colcon_core.verb:set package 'oak_streamer' build argument 'cmake_clean_cache' from command line to 'False'
[0.917s] Level 5:colcon.colcon_core.verb:set package 'oak_streamer' build argument 'cmake_clean_first' from command line to 'False'
[0.917s] Level 5:colcon.colcon_core.verb:set package 'oak_streamer' build argument 'cmake_force_configure' from command line to 'False'
[0.917s] Level 5:colcon.colcon_core.verb:set package 'oak_streamer' build argument 'ament_cmake_args' from command line to 'None'
[0.917s] Level 5:colcon.colcon_core.verb:set package 'oak_streamer' build argument 'catkin_cmake_args' from command line to 'None'
[0.917s] Level 5:colcon.colcon_core.verb:set package 'oak_streamer' build argument 'catkin_skip_building_tests' from command line to 'False'
[0.917s] DEBUG:colcon.colcon_core.verb:Building package 'oak_streamer' with the following arguments: {'ament_cmake_args': None, 'build_base': '/home/kaanjetson/ros2_plc_ws/build/oak_streamer', 'catkin_cmake_args': None, 'catkin_skip_building_tests': False, 'cmake_args': None, 'cmake_clean_cache': False, 'cmake_clean_first': False, 'cmake_force_configure': False, 'cmake_target': None, 'cmake_target_skip_unavailable': False, 'install_base': '/home/kaanjetson/ros2_plc_ws/install/oak_streamer', 'merge_install': False, 'path': '/home/kaanjetson/ros2_plc_ws/src/oak_streamer', 'symlink_install': True, 'test_result_base': None}
[0.918s] Level 5:colcon.colcon_core.verb:set package 'plc_comm' build argument 'cmake_args' from command line to 'None'
[0.918s] Level 5:colcon.colcon_core.verb:set package 'plc_comm' build argument 'cmake_target' from command line to 'None'
[0.918s] Level 5:colcon.colcon_core.verb:set package 'plc_comm' build argument 'cmake_target_skip_unavailable' from command line to 'False'
[0.918s] Level 5:colcon.colcon_core.verb:set package 'plc_comm' build argument 'cmake_clean_cache' from command line to 'False'
[0.918s] Level 5:colcon.colcon_core.verb:set package 'plc_comm' build argument 'cmake_clean_first' from command line to 'False'
[0.918s] Level 5:colcon.colcon_core.verb:set package 'plc_comm' build argument 'cmake_force_configure' from command line to 'False'
[0.918s] Level 5:colcon.colcon_core.verb:set package 'plc_comm' build argument 'ament_cmake_args' from command line to 'None'
[0.918s] Level 5:colcon.colcon_core.verb:set package 'plc_comm' build argument 'catkin_cmake_args' from command line to 'None'
[0.918s] Level 5:colcon.colcon_core.verb:set package 'plc_comm' build argument 'catkin_skip_building_tests' from command line to 'False'
[0.918s] DEBUG:colcon.colcon_core.verb:Building package 'plc_comm' with the following arguments: {'ament_cmake_args': None, 'build_base': '/home/kaanjetson/ros2_plc_ws/build/plc_comm', 'catkin_cmake_args': None, 'catkin_skip_building_tests': False, 'cmake_args': None, 'cmake_clean_cache': False, 'cmake_clean_first': False, 'cmake_force_configure': False, 'cmake_target': None, 'cmake_target_skip_unavailable': False, 'install_base': '/home/kaanjetson/ros2_plc_ws/install/plc_comm', 'merge_install': False, 'path': '/home/kaanjetson/ros2_plc_ws/src/plc_comm', 'symlink_install': True, 'test_result_base': None}
[0.919s] INFO:colcon.colcon_core.executor:Executing jobs using 'parallel' executor
[0.921s] DEBUG:colcon.colcon_parallel_executor.executor.parallel:run_until_complete
[0.922s] INFO:colcon.colcon_ros.task.ament_python.build:Building ROS package in '/home/kaanjetson/ros2_plc_ws/src/commcheck' with build type 'ament_python'
[0.922s] Level 1:colcon.colcon_core.shell:create_environment_hook('commcheck', 'ament_prefix_path')
[0.928s] INFO:colcon.colcon_core.plugin_system:Skipping extension 'colcon_core.shell.bat': Not used on non-Windows systems
[0.928s] INFO:colcon.colcon_core.shell:Creating environment hook '/home/kaanjetson/ros2_plc_ws/install/commcheck/share/commcheck/hook/ament_prefix_path.ps1'
[0.930s] INFO:colcon.colcon_core.shell:Creating environment descriptor '/home/kaanjetson/ros2_plc_ws/install/commcheck/share/commcheck/hook/ament_prefix_path.dsv'
[0.932s] INFO:colcon.colcon_core.shell:Creating environment hook '/home/kaanjetson/ros2_plc_ws/install/commcheck/share/commcheck/hook/ament_prefix_path.sh'
[0.933s] INFO:colcon.colcon_core.shell:Skip shell extension 'powershell' for command environment: Not usable outside of PowerShell
[0.934s] DEBUG:colcon.colcon_core.shell:Skip shell extension 'dsv' for command environment
[0.940s] INFO:colcon.colcon_ros.task.ament_python.build:Building ROS package in '/home/kaanjetson/ros2_plc_ws/src/oak_streamer' with build type 'ament_python'
[0.941s] Level 1:colcon.colcon_core.shell:create_environment_hook('oak_streamer', 'ament_prefix_path')
[0.941s] INFO:colcon.colcon_core.shell:Creating environment hook '/home/kaanjetson/ros2_plc_ws/install/oak_streamer/share/oak_streamer/hook/ament_prefix_path.ps1'
[0.943s] INFO:colcon.colcon_core.shell:Creating environment descriptor '/home/kaanjetson/ros2_plc_ws/install/oak_streamer/share/oak_streamer/hook/ament_prefix_path.dsv'
[0.944s] INFO:colcon.colcon_core.shell:Creating environment hook '/home/kaanjetson/ros2_plc_ws/install/oak_streamer/share/oak_streamer/hook/ament_prefix_path.sh'
[0.945s] INFO:colcon.colcon_core.shell:Skip shell extension 'powershell' for command environment: Not usable outside of PowerShell
[0.945s] DEBUG:colcon.colcon_core.shell:Skip shell extension 'dsv' for command environment
[0.950s] INFO:colcon.colcon_ros.task.ament_python.build:Building ROS package in '/home/kaanjetson/ros2_plc_ws/src/plc_comm' with build type 'ament_python'
[0.951s] Level 1:colcon.colcon_core.shell:create_environment_hook('plc_comm', 'ament_prefix_path')
[0.951s] INFO:colcon.colcon_core.shell:Creating environment hook '/home/kaanjetson/ros2_plc_ws/install/plc_comm/share/plc_comm/hook/ament_prefix_path.ps1'
[0.953s] INFO:colcon.colcon_core.shell:Creating environment descriptor '/home/kaanjetson/ros2_plc_ws/install/plc_comm/share/plc_comm/hook/ament_prefix_path.dsv'
[0.953s] INFO:colcon.colcon_core.shell:Creating environment hook '/home/kaanjetson/ros2_plc_ws/install/plc_comm/share/plc_comm/hook/ament_prefix_path.sh'
[0.955s] INFO:colcon.colcon_core.shell:Skip shell extension 'powershell' for command environment: Not usable outside of PowerShell
[0.955s] DEBUG:colcon.colcon_core.shell:Skip shell extension 'dsv' for command environment
[1.539s] WARNING:colcon.colcon_ros.task.ament_python.build:Package 'commcheck' doesn't explicitly install a marker in the package index (colcon-ros currently does it implicitly but that fallback will be removed in the future)
[1.540s] INFO:colcon.colcon_core.task.python.build:Building Python package in '/home/kaanjetson/ros2_plc_ws/src/commcheck'
[1.541s] INFO:colcon.colcon_core.shell:Skip shell extension 'powershell' for command environment: Not usable outside of PowerShell
[1.541s] DEBUG:colcon.colcon_core.shell:Skip shell extension 'dsv' for command environment
[2.192s] INFO:colcon.colcon_core.task.python.build:Building Python package in '/home/kaanjetson/ros2_plc_ws/src/oak_streamer'
[2.193s] INFO:colcon.colcon_core.shell:Skip shell extension 'powershell' for command environment: Not usable outside of PowerShell
[2.193s] DEBUG:colcon.colcon_core.shell:Skip shell extension 'dsv' for command environment
[2.797s] INFO:colcon.colcon_core.task.python.build:Building Python package in '/home/kaanjetson/ros2_plc_ws/src/plc_comm'
[2.797s] INFO:colcon.colcon_core.shell:Skip shell extension 'powershell' for command environment: Not usable outside of PowerShell
[2.797s] DEBUG:colcon.colcon_core.shell:Skip shell extension 'dsv' for command environment
[3.612s] DEBUG:colcon.colcon_core.event_handler.log_command:Invoking command in '/home/kaanjetson/ros2_plc_ws/build/commcheck': PYTHONPATH=/home/kaanjetson/ros2_plc_ws/build/commcheck/prefix_override:/usr/lib/python3/dist-packages/colcon_core/task/python/colcon_distutils_commands:/home/kaanjetson/ros2_plc_ws/install/commcheck/lib/python3.10/site-packages:${PYTHONPATH} /usr/bin/python3 -W ignore:setup.py install is deprecated -W ignore:easy_install command is deprecated setup.py develop --editable --build-directory /home/kaanjetson/ros2_plc_ws/build/commcheck/build --no-deps symlink_data
[3.629s] DEBUG:colcon.colcon_core.event_handler.log_command:Invoking command in '/home/kaanjetson/ros2_plc_ws/build/oak_streamer': PYTHONPATH=/home/kaanjetson/ros2_plc_ws/build/oak_streamer/prefix_override:/usr/lib/python3/dist-packages/colcon_core/task/python/colcon_distutils_commands:/home/kaanjetson/ros2_plc_ws/install/oak_streamer/lib/python3.10/site-packages:${PYTHONPATH} /usr/bin/python3 -W ignore:setup.py install is deprecated -W ignore:easy_install command is deprecated setup.py develop --editable --build-directory /home/kaanjetson/ros2_plc_ws/build/oak_streamer/build --no-deps symlink_data
[3.637s] DEBUG:colcon.colcon_core.event_handler.log_command:Invoking command in '/home/kaanjetson/ros2_plc_ws/build/plc_comm': PYTHONPATH=/home/kaanjetson/ros2_plc_ws/build/plc_comm/prefix_override:/usr/lib/python3/dist-packages/colcon_core/task/python/colcon_distutils_commands:/home/kaanjetson/ros2_plc_ws/install/plc_comm/lib/python3.10/site-packages:${PYTHONPATH} /usr/bin/python3 -W ignore:setup.py install is deprecated -W ignore:easy_install command is deprecated setup.py develop --editable --build-directory /home/kaanjetson/ros2_plc_ws/build/plc_comm/build --no-deps symlink_data
[4.891s] Level 1:colcon.colcon_core.shell:create_environment_hook('commcheck', 'pythonpath_develop')
[4.892s] INFO:colcon.colcon_core.shell:Creating environment hook '/home/kaanjetson/ros2_plc_ws/build/commcheck/share/commcheck/hook/pythonpath_develop.ps1'
[4.893s] INFO:colcon.colcon_core.shell:Creating environment descriptor '/home/kaanjetson/ros2_plc_ws/build/commcheck/share/commcheck/hook/pythonpath_develop.dsv'
[4.896s] DEBUG:colcon.colcon_core.event_handler.log_command:Invoked command in '/home/kaanjetson/ros2_plc_ws/build/commcheck' returned '0': PYTHONPATH=/home/kaanjetson/ros2_plc_ws/build/commcheck/prefix_override:/usr/lib/python3/dist-packages/colcon_core/task/python/colcon_distutils_commands:/home/kaanjetson/ros2_plc_ws/install/commcheck/lib/python3.10/site-packages:${PYTHONPATH} /usr/bin/python3 -W ignore:setup.py install is deprecated -W ignore:easy_install command is deprecated setup.py develop --editable --build-directory /home/kaanjetson/ros2_plc_ws/build/commcheck/build --no-deps symlink_data
[4.896s] INFO:colcon.colcon_core.shell:Creating environment hook '/home/kaanjetson/ros2_plc_ws/build/commcheck/share/commcheck/hook/pythonpath_develop.sh'
[4.931s] Level 1:colcon.colcon_core.environment:checking '/home/kaanjetson/ros2_plc_ws/install/commcheck' for CMake module files
[4.932s] Level 1:colcon.colcon_core.environment:checking '/home/kaanjetson/ros2_plc_ws/install/commcheck' for CMake config files
[4.934s] Level 1:colcon.colcon_core.environment:checking '/home/kaanjetson/ros2_plc_ws/install/commcheck/lib'
[4.934s] Level 1:colcon.colcon_core.environment:checking '/home/kaanjetson/ros2_plc_ws/install/commcheck/bin'
[4.934s] Level 1:colcon.colcon_core.environment:checking '/home/kaanjetson/ros2_plc_ws/install/commcheck/lib/pkgconfig/commcheck.pc'
[4.935s] Level 1:colcon.colcon_core.environment:checking '/home/kaanjetson/ros2_plc_ws/install/commcheck/lib/python3.10/site-packages'
[4.935s] Level 1:colcon.colcon_core.shell:create_environment_hook('commcheck', 'pythonpath')
[4.935s] INFO:colcon.colcon_core.shell:Creating environment hook '/home/kaanjetson/ros2_plc_ws/install/commcheck/share/commcheck/hook/pythonpath.ps1'
[4.937s] INFO:colcon.colcon_core.shell:Creating environment descriptor '/home/kaanjetson/ros2_plc_ws/install/commcheck/share/commcheck/hook/pythonpath.dsv'
[4.937s] INFO:colcon.colcon_core.shell:Creating environment hook '/home/kaanjetson/ros2_plc_ws/install/commcheck/share/commcheck/hook/pythonpath.sh'
[4.938s] Level 1:colcon.colcon_core.environment:checking '/home/kaanjetson/ros2_plc_ws/install/commcheck/bin'
[4.939s] Level 1:colcon.colcon_core.environment:create_environment_scripts_only(commcheck)
[4.939s] INFO:colcon.colcon_core.shell:Creating package script '/home/kaanjetson/ros2_plc_ws/install/commcheck/share/commcheck/package.ps1'
[4.945s] INFO:colcon.colcon_core.shell:Creating package descriptor '/home/kaanjetson/ros2_plc_ws/install/commcheck/share/commcheck/package.dsv'
[4.951s] INFO:colcon.colcon_core.shell:Creating package script '/home/kaanjetson/ros2_plc_ws/install/commcheck/share/commcheck/package.sh'
[4.954s] INFO:colcon.colcon_core.shell:Creating package script '/home/kaanjetson/ros2_plc_ws/install/commcheck/share/commcheck/package.bash'
[4.956s] INFO:colcon.colcon_core.shell:Creating package script '/home/kaanjetson/ros2_plc_ws/install/commcheck/share/commcheck/package.zsh'
[4.959s] Level 1:colcon.colcon_core.environment:create_file_with_runtime_dependencies(/home/kaanjetson/ros2_plc_ws/install/commcheck/share/colcon-core/packages/commcheck)
[4.963s] Level 1:colcon.colcon_core.shell:create_environment_hook('oak_streamer', 'pythonpath_develop')
[4.964s] DEBUG:colcon.colcon_core.event_handler.log_command:Invoked command in '/home/kaanjetson/ros2_plc_ws/build/oak_streamer' returned '0': PYTHONPATH=/home/kaanjetson/ros2_plc_ws/build/oak_streamer/prefix_override:/usr/lib/python3/dist-packages/colcon_core/task/python/colcon_distutils_commands:/home/kaanjetson/ros2_plc_ws/install/oak_streamer/lib/python3.10/site-packages:${PYTHONPATH} /usr/bin/python3 -W ignore:setup.py install is deprecated -W ignore:easy_install command is deprecated setup.py develop --editable --build-directory /home/kaanjetson/ros2_plc_ws/build/oak_streamer/build --no-deps symlink_data
[4.965s] INFO:colcon.colcon_core.shell:Creating environment hook '/home/kaanjetson/ros2_plc_ws/build/oak_streamer/share/oak_streamer/hook/pythonpath_develop.ps1'
[4.973s] INFO:colcon.colcon_core.shell:Creating environment descriptor '/home/kaanjetson/ros2_plc_ws/build/oak_streamer/share/oak_streamer/hook/pythonpath_develop.dsv'
[4.974s] INFO:colcon.colcon_core.shell:Creating environment hook '/home/kaanjetson/ros2_plc_ws/build/oak_streamer/share/oak_streamer/hook/pythonpath_develop.sh'
[4.975s] Level 1:colcon.colcon_core.environment:checking '/home/kaanjetson/ros2_plc_ws/install/oak_streamer' for CMake module files
[4.976s] Level 1:colcon.colcon_core.environment:checking '/home/kaanjetson/ros2_plc_ws/install/oak_streamer' for CMake config files
[4.977s] Level 1:colcon.colcon_core.environment:checking '/home/kaanjetson/ros2_plc_ws/install/oak_streamer/lib'
[4.977s] Level 1:colcon.colcon_core.environment:checking '/home/kaanjetson/ros2_plc_ws/install/oak_streamer/bin'
[4.977s] Level 1:colcon.colcon_core.environment:checking '/home/kaanjetson/ros2_plc_ws/install/oak_streamer/lib/pkgconfig/oak_streamer.pc'
[4.978s] Level 1:colcon.colcon_core.environment:checking '/home/kaanjetson/ros2_plc_ws/install/oak_streamer/lib/python3.10/site-packages'
[4.978s] Level 1:colcon.colcon_core.shell:create_environment_hook('oak_streamer', 'pythonpath')
[4.979s] INFO:colcon.colcon_core.shell:Creating environment hook '/home/kaanjetson/ros2_plc_ws/install/oak_streamer/share/oak_streamer/hook/pythonpath.ps1'
[4.980s] INFO:colcon.colcon_core.shell:Creating environment descriptor '/home/kaanjetson/ros2_plc_ws/install/oak_streamer/share/oak_streamer/hook/pythonpath.dsv'
[4.980s] INFO:colcon.colcon_core.shell:Creating environment hook '/home/kaanjetson/ros2_plc_ws/install/oak_streamer/share/oak_streamer/hook/pythonpath.sh'
[4.982s] Level 1:colcon.colcon_core.environment:checking '/home/kaanjetson/ros2_plc_ws/install/oak_streamer/bin'
[4.982s] Level 1:colcon.colcon_core.environment:create_environment_scripts_only(oak_streamer)
[4.982s] INFO:colcon.colcon_core.shell:Creating package script '/home/kaanjetson/ros2_plc_ws/install/oak_streamer/share/oak_streamer/package.ps1'
[4.984s] INFO:colcon.colcon_core.shell:Creating package descriptor '/home/kaanjetson/ros2_plc_ws/install/oak_streamer/share/oak_streamer/package.dsv'
[4.985s] INFO:colcon.colcon_core.shell:Creating package script '/home/kaanjetson/ros2_plc_ws/install/oak_streamer/share/oak_streamer/package.sh'
[4.986s] INFO:colcon.colcon_core.shell:Creating package script '/home/kaanjetson/ros2_plc_ws/install/oak_streamer/share/oak_streamer/package.bash'
[4.987s] INFO:colcon.colcon_core.shell:Creating package script '/home/kaanjetson/ros2_plc_ws/install/oak_streamer/share/oak_streamer/package.zsh'
[4.988s] Level 1:colcon.colcon_core.environment:create_file_with_runtime_dependencies(/home/kaanjetson/ros2_plc_ws/install/oak_streamer/share/colcon-core/packages/oak_streamer)
[4.988s] Level 1:colcon.colcon_core.shell:create_environment_hook('plc_comm', 'pythonpath_develop')
[4.990s] DEBUG:colcon.colcon_core.event_handler.log_command:Invoked command in '/home/kaanjetson/ros2_plc_ws/build/plc_comm' returned '0': PYTHONPATH=/home/kaanjetson/ros2_plc_ws/build/plc_comm/prefix_override:/usr/lib/python3/dist-packages/colcon_core/task/python/colcon_distutils_commands:/home/kaanjetson/ros2_plc_ws/install/plc_comm/lib/python3.10/site-packages:${PYTHONPATH} /usr/bin/python3 -W ignore:setup.py install is deprecated -W ignore:easy_install command is deprecated setup.py develop --editable --build-directory /home/kaanjetson/ros2_plc_ws/build/plc_comm/build --no-deps symlink_data
[4.991s] INFO:colcon.colcon_core.shell:Creating environment hook '/home/kaanjetson/ros2_plc_ws/build/plc_comm/share/plc_comm/hook/pythonpath_develop.ps1'
[4.993s] INFO:colcon.colcon_core.shell:Creating environment descriptor '/home/kaanjetson/ros2_plc_ws/build/plc_comm/share/plc_comm/hook/pythonpath_develop.dsv'
[4.994s] INFO:colcon.colcon_core.shell:Creating environment hook '/home/kaanjetson/ros2_plc_ws/build/plc_comm/share/plc_comm/hook/pythonpath_develop.sh'
[4.997s] Level 1:colcon.colcon_core.environment:checking '/home/kaanjetson/ros2_plc_ws/install/plc_comm' for CMake module files
[4.998s] Level 1:colcon.colcon_core.environment:checking '/home/kaanjetson/ros2_plc_ws/install/plc_comm' for CMake config files
[4.999s] Level 1:colcon.colcon_core.environment:checking '/home/kaanjetson/ros2_plc_ws/install/plc_comm/lib'
[4.999s] Level 1:colcon.colcon_core.environment:checking '/home/kaanjetson/ros2_plc_ws/install/plc_comm/bin'
[4.999s] Level 1:colcon.colcon_core.environment:checking '/home/kaanjetson/ros2_plc_ws/install/plc_comm/lib/pkgconfig/plc_comm.pc'
[4.999s] Level 1:colcon.colcon_core.environment:checking '/home/kaanjetson/ros2_plc_ws/install/plc_comm/lib/python3.10/site-packages'
[5.000s] Level 1:colcon.colcon_core.shell:create_environment_hook('plc_comm', 'pythonpath')
[5.000s] INFO:colcon.colcon_core.shell:Creating environment hook '/home/kaanjetson/ros2_plc_ws/install/plc_comm/share/plc_comm/hook/pythonpath.ps1'
[5.008s] INFO:colcon.colcon_core.shell:Creating environment descriptor '/home/kaanjetson/ros2_plc_ws/install/plc_comm/share/plc_comm/hook/pythonpath.dsv'
[5.009s] INFO:colcon.colcon_core.shell:Creating environment hook '/home/kaanjetson/ros2_plc_ws/install/plc_comm/share/plc_comm/hook/pythonpath.sh'
[5.010s] Level 1:colcon.colcon_core.environment:checking '/home/kaanjetson/ros2_plc_ws/install/plc_comm/bin'
[5.010s] Level 1:colcon.colcon_core.environment:create_environment_scripts_only(plc_comm)
[5.011s] INFO:colcon.colcon_core.shell:Creating package script '/home/kaanjetson/ros2_plc_ws/install/plc_comm/share/plc_comm/package.ps1'
[5.013s] INFO:colcon.colcon_core.shell:Creating package descriptor '/home/kaanjetson/ros2_plc_ws/install/plc_comm/share/plc_comm/package.dsv'
[5.014s] INFO:colcon.colcon_core.shell:Creating package script '/home/kaanjetson/ros2_plc_ws/install/plc_comm/share/plc_comm/package.sh'
[5.015s] INFO:colcon.colcon_core.shell:Creating package script '/home/kaanjetson/ros2_plc_ws/install/plc_comm/share/plc_comm/package.bash'
[5.016s] INFO:colcon.colcon_core.shell:Creating package script '/home/kaanjetson/ros2_plc_ws/install/plc_comm/share/plc_comm/package.zsh'
[5.016s] Level 1:colcon.colcon_core.environment:create_file_with_runtime_dependencies(/home/kaanjetson/ros2_plc_ws/install/plc_comm/share/colcon-core/packages/plc_comm)
[5.018s] DEBUG:colcon.colcon_parallel_executor.executor.parallel:closing loop
[5.019s] DEBUG:colcon.colcon_parallel_executor.executor.parallel:loop closed
[5.020s] DEBUG:colcon.colcon_parallel_executor.executor.parallel:run_until_complete finished with '0'
[5.020s] DEBUG:colcon.colcon_core.event_reactor:joining thread
[5.040s] INFO:colcon.colcon_core.plugin_system:Skipping extension 'colcon_notification.desktop_notification.terminal_notifier': Not used on non-Darwin systems
[5.041s] INFO:colcon.colcon_core.plugin_system:Skipping extension 'colcon_notification.desktop_notification.win32': Not used on non-Windows systems
[5.041s] INFO:colcon.colcon_notification.desktop_notification:Sending desktop notification using 'notify2'
[5.075s] DEBUG:colcon.colcon_notification.desktop_notification.notify2:Failed to initialize notify2: org.freedesktop.DBus.Error.Spawn.ChildExited: Process org.freedesktop.Notifications exited with status 1
[5.076s] DEBUG:colcon.colcon_core.event_reactor:joined thread
[5.077s] INFO:colcon.colcon_core.shell:Creating prefix script '/home/kaanjetson/ros2_plc_ws/install/local_setup.ps1'
[5.082s] INFO:colcon.colcon_core.shell:Creating prefix util module '/home/kaanjetson/ros2_plc_ws/install/_local_setup_util_ps1.py'
[5.085s] INFO:colcon.colcon_core.shell:Creating prefix chain script '/home/kaanjetson/ros2_plc_ws/install/setup.ps1'
[5.094s] INFO:colcon.colcon_core.shell:Creating prefix script '/home/kaanjetson/ros2_plc_ws/install/local_setup.sh'
[5.096s] INFO:colcon.colcon_core.shell:Creating prefix util module '/home/kaanjetson/ros2_plc_ws/install/_local_setup_util_sh.py'
[5.098s] INFO:colcon.colcon_core.shell:Creating prefix chain script '/home/kaanjetson/ros2_plc_ws/install/setup.sh'
[5.108s] INFO:colcon.colcon_core.shell:Creating prefix script '/home/kaanjetson/ros2_plc_ws/install/local_setup.bash'
[5.112s] INFO:colcon.colcon_core.shell:Creating prefix chain script '/home/kaanjetson/ros2_plc_ws/install/setup.bash'
[5.115s] INFO:colcon.colcon_core.shell:Creating prefix script '/home/kaanjetson/ros2_plc_ws/install/local_setup.zsh'
[5.124s] INFO:colcon.colcon_core.shell:Creating prefix chain script '/home/kaanjetson/ros2_plc_ws/install/setup.zsh'
