[0.225s] DEBUG:colcon:Command line arguments: ['/usr/bin/colcon', 'build']
[0.225s] DEBUG:colcon:Parsed command line arguments: Namespace(log_base=None, log_level=None, verb_name='build', build_base='build', install_base='install', merge_install=False, symlink_install=False, test_result_base=None, continue_on_error=False, executor='parallel', parallel_workers=6, event_handlers=None, ignore_user_meta=False, metas=['./colcon.meta'], base_paths=['.'], packages_ignore=None, packages_ignore_regex=None, paths=None, packages_up_to=None, packages_up_to_regex=None, packages_above=None, packages_above_and_dependencies=None, packages_above_depth=None, packages_select_by_dep=None, packages_skip_by_dep=None, packages_skip_up_to=None, packages_select_build_failed=False, packages_skip_build_finished=False, packages_select_test_failures=False, packages_skip_test_passed=False, packages_select=None, packages_skip=None, packages_select_regex=None, packages_skip_regex=None, packages_start=None, packages_end=None, allow_overriding=[], cmake_args=None, cmake_target=None, cmake_target_skip_unavailable=False, cmake_clean_cache=False, cmake_clean_first=False, cmake_force_configure=False, ament_cmake_args=None, catkin_cmake_args=None, catkin_skip_building_tests=False, verb_parser=<colcon_defaults.argument_parser.defaults.DefaultArgumentsDecorator object at 0xffff859815d0>, verb_extension=<colcon_core.verb.build.BuildVerb object at 0xffff85bda1a0>, main=<bound method BuildVerb.main of <colcon_core.verb.build.BuildVerb object at 0xffff85bda1a0>>)
[0.588s] Level 1:colcon.colcon_core.package_discovery:discover_packages(colcon_meta) check parameters
[0.588s] Level 1:colcon.colcon_core.package_discovery:discover_packages(recursive) check parameters
[0.588s] Level 1:colcon.colcon_core.package_discovery:discover_packages(ignore) check parameters
[0.588s] Level 1:colcon.colcon_core.package_discovery:discover_packages(path) check parameters
[0.588s] Level 1:colcon.colcon_core.package_discovery:discover_packages(colcon_meta) discover
[0.589s] Level 1:colcon.colcon_core.package_discovery:discover_packages(recursive) discover
[0.589s] INFO:colcon.colcon_core.package_discovery:Crawling recursively for packages in '/home/kaanjetson/ros2_plc_ws'
[0.589s] Level 1:colcon.colcon_core.package_identification:_identify(.) by extensions ['ignore', 'ignore_ament_install']
[0.589s] Level 1:colcon.colcon_core.package_identification:_identify(.) by extension 'ignore'
[0.589s] Level 1:colcon.colcon_core.package_identification:_identify(.) by extension 'ignore_ament_install'
[0.590s] Level 1:colcon.colcon_core.package_identification:_identify(.) by extensions ['colcon_pkg']
[0.590s] Level 1:colcon.colcon_core.package_identification:_identify(.) by extension 'colcon_pkg'
[0.590s] Level 1:colcon.colcon_core.package_identification:_identify(.) by extensions ['colcon_meta']
[0.590s] Level 1:colcon.colcon_core.package_identification:_identify(.) by extension 'colcon_meta'
[0.590s] Level 1:colcon.colcon_core.package_identification:_identify(.) by extensions ['ros']
[0.590s] Level 1:colcon.colcon_core.package_identification:_identify(.) by extension 'ros'
[0.612s] Level 1:colcon.colcon_core.package_identification:_identify(.) by extensions ['cmake', 'python']
[0.612s] Level 1:colcon.colcon_core.package_identification:_identify(.) by extension 'cmake'
[0.612s] Level 1:colcon.colcon_core.package_identification:_identify(.) by extension 'python'
[0.613s] Level 1:colcon.colcon_core.package_identification:_identify(.) by extensions ['python_setup_py']
[0.613s] Level 1:colcon.colcon_core.package_identification:_identify(.) by extension 'python_setup_py'
[0.613s] Level 1:colcon.colcon_core.package_identification:_identify(build) by extensions ['ignore', 'ignore_ament_install']
[0.613s] Level 1:colcon.colcon_core.package_identification:_identify(build) by extension 'ignore'
[0.613s] Level 1:colcon.colcon_core.package_identification:_identify(build) ignored
[0.614s] Level 1:colcon.colcon_core.package_identification:_identify(install) by extensions ['ignore', 'ignore_ament_install']
[0.614s] Level 1:colcon.colcon_core.package_identification:_identify(install) by extension 'ignore'
[0.614s] Level 1:colcon.colcon_core.package_identification:_identify(install) ignored
[0.614s] Level 1:colcon.colcon_core.package_identification:_identify(log) by extensions ['ignore', 'ignore_ament_install']
[0.614s] Level 1:colcon.colcon_core.package_identification:_identify(log) by extension 'ignore'
[0.614s] Level 1:colcon.colcon_core.package_identification:_identify(log) ignored
[0.615s] Level 1:colcon.colcon_core.package_identification:_identify(src) by extensions ['ignore', 'ignore_ament_install']
[0.615s] Level 1:colcon.colcon_core.package_identification:_identify(src) by extension 'ignore'
[0.615s] Level 1:colcon.colcon_core.package_identification:_identify(src) by extension 'ignore_ament_install'
[0.615s] Level 1:colcon.colcon_core.package_identification:_identify(src) by extensions ['colcon_pkg']
[0.615s] Level 1:colcon.colcon_core.package_identification:_identify(src) by extension 'colcon_pkg'
[0.615s] Level 1:colcon.colcon_core.package_identification:_identify(src) by extensions ['colcon_meta']
[0.615s] Level 1:colcon.colcon_core.package_identification:_identify(src) by extension 'colcon_meta'
[0.615s] Level 1:colcon.colcon_core.package_identification:_identify(src) by extensions ['ros']
[0.616s] Level 1:colcon.colcon_core.package_identification:_identify(src) by extension 'ros'
[0.616s] Level 1:colcon.colcon_core.package_identification:_identify(src) by extensions ['cmake', 'python']
[0.616s] Level 1:colcon.colcon_core.package_identification:_identify(src) by extension 'cmake'
[0.616s] Level 1:colcon.colcon_core.package_identification:_identify(src) by extension 'python'
[0.616s] Level 1:colcon.colcon_core.package_identification:_identify(src) by extensions ['python_setup_py']
[0.616s] Level 1:colcon.colcon_core.package_identification:_identify(src) by extension 'python_setup_py'
[0.616s] Level 1:colcon.colcon_core.package_identification:_identify(src/commcheck) by extensions ['ignore', 'ignore_ament_install']
[0.616s] Level 1:colcon.colcon_core.package_identification:_identify(src/commcheck) by extension 'ignore'
[0.617s] Level 1:colcon.colcon_core.package_identification:_identify(src/commcheck) by extension 'ignore_ament_install'
[0.617s] Level 1:colcon.colcon_core.package_identification:_identify(src/commcheck) by extensions ['colcon_pkg']
[0.617s] Level 1:colcon.colcon_core.package_identification:_identify(src/commcheck) by extension 'colcon_pkg'
[0.617s] Level 1:colcon.colcon_core.package_identification:_identify(src/commcheck) by extensions ['colcon_meta']
[0.617s] Level 1:colcon.colcon_core.package_identification:_identify(src/commcheck) by extension 'colcon_meta'
[0.617s] Level 1:colcon.colcon_core.package_identification:_identify(src/commcheck) by extensions ['ros']
[0.617s] Level 1:colcon.colcon_core.package_identification:_identify(src/commcheck) by extension 'ros'
[0.622s] DEBUG:colcon.colcon_core.package_identification:Package 'src/commcheck' with type 'ros.ament_python' and name 'commcheck'
[0.622s] Level 1:colcon.colcon_core.package_identification:_identify(src/oak_streamer) by extensions ['ignore', 'ignore_ament_install']
[0.622s] Level 1:colcon.colcon_core.package_identification:_identify(src/oak_streamer) by extension 'ignore'
[0.623s] Level 1:colcon.colcon_core.package_identification:_identify(src/oak_streamer) by extension 'ignore_ament_install'
[0.623s] Level 1:colcon.colcon_core.package_identification:_identify(src/oak_streamer) by extensions ['colcon_pkg']
[0.623s] Level 1:colcon.colcon_core.package_identification:_identify(src/oak_streamer) by extension 'colcon_pkg'
[0.623s] Level 1:colcon.colcon_core.package_identification:_identify(src/oak_streamer) by extensions ['colcon_meta']
[0.623s] Level 1:colcon.colcon_core.package_identification:_identify(src/oak_streamer) by extension 'colcon_meta'
[0.623s] Level 1:colcon.colcon_core.package_identification:_identify(src/oak_streamer) by extensions ['ros']
[0.623s] Level 1:colcon.colcon_core.package_identification:_identify(src/oak_streamer) by extension 'ros'
[0.624s] DEBUG:colcon.colcon_core.package_identification:Package 'src/oak_streamer' with type 'ros.ament_python' and name 'oak_streamer'
[0.625s] Level 1:colcon.colcon_core.package_identification:_identify(src/plc_comm) by extensions ['ignore', 'ignore_ament_install']
[0.625s] Level 1:colcon.colcon_core.package_identification:_identify(src/plc_comm) by extension 'ignore'
[0.625s] Level 1:colcon.colcon_core.package_identification:_identify(src/plc_comm) by extension 'ignore_ament_install'
[0.625s] Level 1:colcon.colcon_core.package_identification:_identify(src/plc_comm) by extensions ['colcon_pkg']
[0.625s] Level 1:colcon.colcon_core.package_identification:_identify(src/plc_comm) by extension 'colcon_pkg'
[0.625s] Level 1:colcon.colcon_core.package_identification:_identify(src/plc_comm) by extensions ['colcon_meta']
[0.625s] Level 1:colcon.colcon_core.package_identification:_identify(src/plc_comm) by extension 'colcon_meta'
[0.626s] Level 1:colcon.colcon_core.package_identification:_identify(src/plc_comm) by extensions ['ros']
[0.626s] Level 1:colcon.colcon_core.package_identification:_identify(src/plc_comm) by extension 'ros'
[0.627s] DEBUG:colcon.colcon_core.package_identification:Package 'src/plc_comm' with type 'ros.ament_python' and name 'plc_comm'
[0.627s] Level 1:colcon.colcon_core.package_discovery:discover_packages(recursive) using defaults
[0.627s] Level 1:colcon.colcon_core.package_discovery:discover_packages(ignore) discover
[0.627s] Level 1:colcon.colcon_core.package_discovery:discover_packages(ignore) using defaults
[0.627s] Level 1:colcon.colcon_core.package_discovery:discover_packages(path) discover
[0.627s] Level 1:colcon.colcon_core.package_discovery:discover_packages(path) using defaults
[0.701s] Level 1:colcon.colcon_core.package_discovery:discover_packages(prefix_path) check parameters
[0.702s] Level 1:colcon.colcon_core.package_discovery:discover_packages(prefix_path) discover
[0.705s] DEBUG:colcon.colcon_installed_package_information.package_discovery:Found 3 installed packages in /home/kaanjetson/ros2_plc_ws/install
[0.708s] DEBUG:colcon.colcon_installed_package_information.package_discovery:Found 294 installed packages in /opt/ros/humble
[0.711s] Level 1:colcon.colcon_core.package_discovery:discover_packages(prefix_path) using defaults
[0.790s] Level 5:colcon.colcon_core.verb:set package 'commcheck' build argument 'cmake_args' from command line to 'None'
[0.791s] Level 5:colcon.colcon_core.verb:set package 'commcheck' build argument 'cmake_target' from command line to 'None'
[0.791s] Level 5:colcon.colcon_core.verb:set package 'commcheck' build argument 'cmake_target_skip_unavailable' from command line to 'False'
[0.791s] Level 5:colcon.colcon_core.verb:set package 'commcheck' build argument 'cmake_clean_cache' from command line to 'False'
[0.791s] Level 5:colcon.colcon_core.verb:set package 'commcheck' build argument 'cmake_clean_first' from command line to 'False'
[0.791s] Level 5:colcon.colcon_core.verb:set package 'commcheck' build argument 'cmake_force_configure' from command line to 'False'
[0.791s] Level 5:colcon.colcon_core.verb:set package 'commcheck' build argument 'ament_cmake_args' from command line to 'None'
[0.791s] Level 5:colcon.colcon_core.verb:set package 'commcheck' build argument 'catkin_cmake_args' from command line to 'None'
[0.791s] Level 5:colcon.colcon_core.verb:set package 'commcheck' build argument 'catkin_skip_building_tests' from command line to 'False'
[0.791s] DEBUG:colcon.colcon_core.verb:Building package 'commcheck' with the following arguments: {'ament_cmake_args': None, 'build_base': '/home/kaanjetson/ros2_plc_ws/build/commcheck', 'catkin_cmake_args': None, 'catkin_skip_building_tests': False, 'cmake_args': None, 'cmake_clean_cache': False, 'cmake_clean_first': False, 'cmake_force_configure': False, 'cmake_target': None, 'cmake_target_skip_unavailable': False, 'install_base': '/home/kaanjetson/ros2_plc_ws/install/commcheck', 'merge_install': False, 'path': '/home/kaanjetson/ros2_plc_ws/src/commcheck', 'symlink_install': False, 'test_result_base': None}
[0.792s] Level 5:colcon.colcon_core.verb:set package 'oak_streamer' build argument 'cmake_args' from command line to 'None'
[0.792s] Level 5:colcon.colcon_core.verb:set package 'oak_streamer' build argument 'cmake_target' from command line to 'None'
[0.792s] Level 5:colcon.colcon_core.verb:set package 'oak_streamer' build argument 'cmake_target_skip_unavailable' from command line to 'False'
[0.792s] Level 5:colcon.colcon_core.verb:set package 'oak_streamer' build argument 'cmake_clean_cache' from command line to 'False'
[0.792s] Level 5:colcon.colcon_core.verb:set package 'oak_streamer' build argument 'cmake_clean_first' from command line to 'False'
[0.792s] Level 5:colcon.colcon_core.verb:set package 'oak_streamer' build argument 'cmake_force_configure' from command line to 'False'
[0.792s] Level 5:colcon.colcon_core.verb:set package 'oak_streamer' build argument 'ament_cmake_args' from command line to 'None'
[0.792s] Level 5:colcon.colcon_core.verb:set package 'oak_streamer' build argument 'catkin_cmake_args' from command line to 'None'
[0.792s] Level 5:colcon.colcon_core.verb:set package 'oak_streamer' build argument 'catkin_skip_building_tests' from command line to 'False'
[0.793s] DEBUG:colcon.colcon_core.verb:Building package 'oak_streamer' with the following arguments: {'ament_cmake_args': None, 'build_base': '/home/kaanjetson/ros2_plc_ws/build/oak_streamer', 'catkin_cmake_args': None, 'catkin_skip_building_tests': False, 'cmake_args': None, 'cmake_clean_cache': False, 'cmake_clean_first': False, 'cmake_force_configure': False, 'cmake_target': None, 'cmake_target_skip_unavailable': False, 'install_base': '/home/kaanjetson/ros2_plc_ws/install/oak_streamer', 'merge_install': False, 'path': '/home/kaanjetson/ros2_plc_ws/src/oak_streamer', 'symlink_install': False, 'test_result_base': None}
[0.793s] Level 5:colcon.colcon_core.verb:set package 'plc_comm' build argument 'cmake_args' from command line to 'None'
[0.793s] Level 5:colcon.colcon_core.verb:set package 'plc_comm' build argument 'cmake_target' from command line to 'None'
[0.793s] Level 5:colcon.colcon_core.verb:set package 'plc_comm' build argument 'cmake_target_skip_unavailable' from command line to 'False'
[0.793s] Level 5:colcon.colcon_core.verb:set package 'plc_comm' build argument 'cmake_clean_cache' from command line to 'False'
[0.793s] Level 5:colcon.colcon_core.verb:set package 'plc_comm' build argument 'cmake_clean_first' from command line to 'False'
[0.793s] Level 5:colcon.colcon_core.verb:set package 'plc_comm' build argument 'cmake_force_configure' from command line to 'False'
[0.793s] Level 5:colcon.colcon_core.verb:set package 'plc_comm' build argument 'ament_cmake_args' from command line to 'None'
[0.794s] Level 5:colcon.colcon_core.verb:set package 'plc_comm' build argument 'catkin_cmake_args' from command line to 'None'
[0.794s] Level 5:colcon.colcon_core.verb:set package 'plc_comm' build argument 'catkin_skip_building_tests' from command line to 'False'
[0.794s] DEBUG:colcon.colcon_core.verb:Building package 'plc_comm' with the following arguments: {'ament_cmake_args': None, 'build_base': '/home/kaanjetson/ros2_plc_ws/build/plc_comm', 'catkin_cmake_args': None, 'catkin_skip_building_tests': False, 'cmake_args': None, 'cmake_clean_cache': False, 'cmake_clean_first': False, 'cmake_force_configure': False, 'cmake_target': None, 'cmake_target_skip_unavailable': False, 'install_base': '/home/kaanjetson/ros2_plc_ws/install/plc_comm', 'merge_install': False, 'path': '/home/kaanjetson/ros2_plc_ws/src/plc_comm', 'symlink_install': False, 'test_result_base': None}
[0.794s] INFO:colcon.colcon_core.executor:Executing jobs using 'parallel' executor
[0.796s] DEBUG:colcon.colcon_parallel_executor.executor.parallel:run_until_complete
[0.797s] INFO:colcon.colcon_ros.task.ament_python.build:Building ROS package in '/home/kaanjetson/ros2_plc_ws/src/commcheck' with build type 'ament_python'
[0.797s] Level 1:colcon.colcon_core.shell:create_environment_hook('commcheck', 'ament_prefix_path')
[0.801s] INFO:colcon.colcon_core.plugin_system:Skipping extension 'colcon_core.shell.bat': Not used on non-Windows systems
[0.802s] INFO:colcon.colcon_core.shell:Creating environment hook '/home/kaanjetson/ros2_plc_ws/install/commcheck/share/commcheck/hook/ament_prefix_path.ps1'
[0.803s] INFO:colcon.colcon_core.shell:Creating environment descriptor '/home/kaanjetson/ros2_plc_ws/install/commcheck/share/commcheck/hook/ament_prefix_path.dsv'
[0.804s] INFO:colcon.colcon_core.shell:Creating environment hook '/home/kaanjetson/ros2_plc_ws/install/commcheck/share/commcheck/hook/ament_prefix_path.sh'
[0.806s] INFO:colcon.colcon_core.shell:Skip shell extension 'powershell' for command environment: Not usable outside of PowerShell
[0.806s] DEBUG:colcon.colcon_core.shell:Skip shell extension 'dsv' for command environment
[0.813s] INFO:colcon.colcon_ros.task.ament_python.build:Building ROS package in '/home/kaanjetson/ros2_plc_ws/src/oak_streamer' with build type 'ament_python'
[0.813s] Level 1:colcon.colcon_core.shell:create_environment_hook('oak_streamer', 'ament_prefix_path')
[0.814s] INFO:colcon.colcon_core.shell:Creating environment hook '/home/kaanjetson/ros2_plc_ws/install/oak_streamer/share/oak_streamer/hook/ament_prefix_path.ps1'
[0.815s] INFO:colcon.colcon_core.shell:Creating environment descriptor '/home/kaanjetson/ros2_plc_ws/install/oak_streamer/share/oak_streamer/hook/ament_prefix_path.dsv'
[0.816s] INFO:colcon.colcon_core.shell:Creating environment hook '/home/kaanjetson/ros2_plc_ws/install/oak_streamer/share/oak_streamer/hook/ament_prefix_path.sh'
[0.817s] INFO:colcon.colcon_core.shell:Skip shell extension 'powershell' for command environment: Not usable outside of PowerShell
[0.817s] DEBUG:colcon.colcon_core.shell:Skip shell extension 'dsv' for command environment
[0.824s] INFO:colcon.colcon_ros.task.ament_python.build:Building ROS package in '/home/kaanjetson/ros2_plc_ws/src/plc_comm' with build type 'ament_python'
[0.824s] Level 1:colcon.colcon_core.shell:create_environment_hook('plc_comm', 'ament_prefix_path')
[0.825s] INFO:colcon.colcon_core.shell:Creating environment hook '/home/kaanjetson/ros2_plc_ws/install/plc_comm/share/plc_comm/hook/ament_prefix_path.ps1'
[0.826s] INFO:colcon.colcon_core.shell:Creating environment descriptor '/home/kaanjetson/ros2_plc_ws/install/plc_comm/share/plc_comm/hook/ament_prefix_path.dsv'
[0.826s] INFO:colcon.colcon_core.shell:Creating environment hook '/home/kaanjetson/ros2_plc_ws/install/plc_comm/share/plc_comm/hook/ament_prefix_path.sh'
[0.828s] INFO:colcon.colcon_core.shell:Skip shell extension 'powershell' for command environment: Not usable outside of PowerShell
[0.828s] DEBUG:colcon.colcon_core.shell:Skip shell extension 'dsv' for command environment
[1.427s] WARNING:colcon.colcon_ros.task.ament_python.build:Package 'commcheck' doesn't explicitly install a marker in the package index (colcon-ros currently does it implicitly but that fallback will be removed in the future)
[1.428s] INFO:colcon.colcon_core.task.python.build:Building Python package in '/home/kaanjetson/ros2_plc_ws/src/commcheck'
[1.428s] INFO:colcon.colcon_core.shell:Skip shell extension 'powershell' for command environment: Not usable outside of PowerShell
[1.428s] DEBUG:colcon.colcon_core.shell:Skip shell extension 'dsv' for command environment
[2.008s] INFO:colcon.colcon_core.task.python.build:Building Python package in '/home/kaanjetson/ros2_plc_ws/src/oak_streamer'
[2.009s] INFO:colcon.colcon_core.shell:Skip shell extension 'powershell' for command environment: Not usable outside of PowerShell
[2.009s] DEBUG:colcon.colcon_core.shell:Skip shell extension 'dsv' for command environment
[2.585s] INFO:colcon.colcon_core.task.python.build:Building Python package in '/home/kaanjetson/ros2_plc_ws/src/plc_comm'
[2.587s] INFO:colcon.colcon_core.shell:Skip shell extension 'powershell' for command environment: Not usable outside of PowerShell
[2.587s] DEBUG:colcon.colcon_core.shell:Skip shell extension 'dsv' for command environment
[3.368s] DEBUG:colcon.colcon_core.event_handler.log_command:Invoking command in '/home/kaanjetson/ros2_plc_ws/src/plc_comm': PYTHONPATH=/home/kaanjetson/ros2_plc_ws/build/plc_comm/prefix_override:/usr/lib/python3/dist-packages/colcon_core/task/python/colcon_distutils_commands:/home/kaanjetson/ros2_plc_ws/install/plc_comm/lib/python3.10/site-packages:${PYTHONPATH} /usr/bin/python3 -W ignore:setup.py install is deprecated -W ignore:easy_install command is deprecated setup.py egg_info --egg-base ../../build/plc_comm build --build-base /home/kaanjetson/ros2_plc_ws/build/plc_comm/build install --record /home/kaanjetson/ros2_plc_ws/build/plc_comm/install.log --single-version-externally-managed install_data
[3.378s] DEBUG:colcon.colcon_core.event_handler.log_command:Invoking command in '/home/kaanjetson/ros2_plc_ws/src/commcheck': PYTHONPATH=/home/kaanjetson/ros2_plc_ws/build/commcheck/prefix_override:/usr/lib/python3/dist-packages/colcon_core/task/python/colcon_distutils_commands:/home/kaanjetson/ros2_plc_ws/install/commcheck/lib/python3.10/site-packages:${PYTHONPATH} /usr/bin/python3 -W ignore:setup.py install is deprecated -W ignore:easy_install command is deprecated setup.py egg_info --egg-base ../../build/commcheck build --build-base /home/kaanjetson/ros2_plc_ws/build/commcheck/build install --record /home/kaanjetson/ros2_plc_ws/build/commcheck/install.log --single-version-externally-managed install_data
[3.391s] DEBUG:colcon.colcon_core.event_handler.log_command:Invoking command in '/home/kaanjetson/ros2_plc_ws/src/oak_streamer': PYTHONPATH=/home/kaanjetson/ros2_plc_ws/build/oak_streamer/prefix_override:/usr/lib/python3/dist-packages/colcon_core/task/python/colcon_distutils_commands:/home/kaanjetson/ros2_plc_ws/install/oak_streamer/lib/python3.10/site-packages:${PYTHONPATH} /usr/bin/python3 -W ignore:setup.py install is deprecated -W ignore:easy_install command is deprecated setup.py egg_info --egg-base ../../build/oak_streamer build --build-base /home/kaanjetson/ros2_plc_ws/build/oak_streamer/build install --record /home/kaanjetson/ros2_plc_ws/build/oak_streamer/install.log --single-version-externally-managed install_data
[4.066s] DEBUG:colcon.colcon_core.event_handler.log_command:Invoked command in '/home/kaanjetson/ros2_plc_ws/src/commcheck' returned '0': PYTHONPATH=/home/kaanjetson/ros2_plc_ws/build/commcheck/prefix_override:/usr/lib/python3/dist-packages/colcon_core/task/python/colcon_distutils_commands:/home/kaanjetson/ros2_plc_ws/install/commcheck/lib/python3.10/site-packages:${PYTHONPATH} /usr/bin/python3 -W ignore:setup.py install is deprecated -W ignore:easy_install command is deprecated setup.py egg_info --egg-base ../../build/commcheck build --build-base /home/kaanjetson/ros2_plc_ws/build/commcheck/build install --record /home/kaanjetson/ros2_plc_ws/build/commcheck/install.log --single-version-externally-managed install_data
[4.071s] Level 1:colcon.colcon_core.environment:checking '/home/kaanjetson/ros2_plc_ws/install/commcheck' for CMake module files
[4.073s] Level 1:colcon.colcon_core.environment:checking '/home/kaanjetson/ros2_plc_ws/install/commcheck' for CMake config files
[4.076s] Level 1:colcon.colcon_core.environment:checking '/home/kaanjetson/ros2_plc_ws/install/commcheck/lib'
[4.076s] Level 1:colcon.colcon_core.environment:checking '/home/kaanjetson/ros2_plc_ws/install/commcheck/bin'
[4.077s] Level 1:colcon.colcon_core.environment:checking '/home/kaanjetson/ros2_plc_ws/install/commcheck/lib/pkgconfig/commcheck.pc'
[4.078s] Level 1:colcon.colcon_core.environment:checking '/home/kaanjetson/ros2_plc_ws/install/commcheck/lib/python3.10/site-packages'
[4.078s] Level 1:colcon.colcon_core.shell:create_environment_hook('commcheck', 'pythonpath')
[4.079s] INFO:colcon.colcon_core.shell:Creating environment hook '/home/kaanjetson/ros2_plc_ws/install/commcheck/share/commcheck/hook/pythonpath.ps1'
[4.080s] INFO:colcon.colcon_core.shell:Creating environment descriptor '/home/kaanjetson/ros2_plc_ws/install/commcheck/share/commcheck/hook/pythonpath.dsv'
[4.082s] INFO:colcon.colcon_core.shell:Creating environment hook '/home/kaanjetson/ros2_plc_ws/install/commcheck/share/commcheck/hook/pythonpath.sh'
[4.084s] Level 1:colcon.colcon_core.environment:checking '/home/kaanjetson/ros2_plc_ws/install/commcheck/bin'
[4.084s] Level 1:colcon.colcon_core.environment:create_environment_scripts_only(commcheck)
[4.085s] INFO:colcon.colcon_core.shell:Creating package script '/home/kaanjetson/ros2_plc_ws/install/commcheck/share/commcheck/package.ps1'
[4.089s] INFO:colcon.colcon_core.shell:Creating package descriptor '/home/kaanjetson/ros2_plc_ws/install/commcheck/share/commcheck/package.dsv'
[4.091s] INFO:colcon.colcon_core.shell:Creating package script '/home/kaanjetson/ros2_plc_ws/install/commcheck/share/commcheck/package.sh'
[4.094s] INFO:colcon.colcon_core.shell:Creating package script '/home/kaanjetson/ros2_plc_ws/install/commcheck/share/commcheck/package.bash'
[4.097s] INFO:colcon.colcon_core.shell:Creating package script '/home/kaanjetson/ros2_plc_ws/install/commcheck/share/commcheck/package.zsh'
[4.099s] Level 1:colcon.colcon_core.environment:create_file_with_runtime_dependencies(/home/kaanjetson/ros2_plc_ws/install/commcheck/share/colcon-core/packages/commcheck)
[4.104s] Level 1:colcon.colcon_core.environment:checking '/home/kaanjetson/ros2_plc_ws/install/plc_comm' for CMake module files
[4.105s] DEBUG:colcon.colcon_core.event_handler.log_command:Invoked command in '/home/kaanjetson/ros2_plc_ws/src/plc_comm' returned '0': PYTHONPATH=/home/kaanjetson/ros2_plc_ws/build/plc_comm/prefix_override:/usr/lib/python3/dist-packages/colcon_core/task/python/colcon_distutils_commands:/home/kaanjetson/ros2_plc_ws/install/plc_comm/lib/python3.10/site-packages:${PYTHONPATH} /usr/bin/python3 -W ignore:setup.py install is deprecated -W ignore:easy_install command is deprecated setup.py egg_info --egg-base ../../build/plc_comm build --build-base /home/kaanjetson/ros2_plc_ws/build/plc_comm/build install --record /home/kaanjetson/ros2_plc_ws/build/plc_comm/install.log --single-version-externally-managed install_data
[4.106s] Level 1:colcon.colcon_core.environment:checking '/home/kaanjetson/ros2_plc_ws/install/plc_comm' for CMake config files
[4.108s] Level 1:colcon.colcon_core.environment:checking '/home/kaanjetson/ros2_plc_ws/install/plc_comm/lib'
[4.109s] Level 1:colcon.colcon_core.environment:checking '/home/kaanjetson/ros2_plc_ws/install/plc_comm/bin'
[4.109s] Level 1:colcon.colcon_core.environment:checking '/home/kaanjetson/ros2_plc_ws/install/plc_comm/lib/pkgconfig/plc_comm.pc'
[4.110s] Level 1:colcon.colcon_core.environment:checking '/home/kaanjetson/ros2_plc_ws/install/plc_comm/lib/python3.10/site-packages'
[4.110s] Level 1:colcon.colcon_core.shell:create_environment_hook('plc_comm', 'pythonpath')
[4.111s] INFO:colcon.colcon_core.shell:Creating environment hook '/home/kaanjetson/ros2_plc_ws/install/plc_comm/share/plc_comm/hook/pythonpath.ps1'
[4.112s] INFO:colcon.colcon_core.shell:Creating environment descriptor '/home/kaanjetson/ros2_plc_ws/install/plc_comm/share/plc_comm/hook/pythonpath.dsv'
[4.114s] INFO:colcon.colcon_core.shell:Creating environment hook '/home/kaanjetson/ros2_plc_ws/install/plc_comm/share/plc_comm/hook/pythonpath.sh'
[4.116s] Level 1:colcon.colcon_core.environment:checking '/home/kaanjetson/ros2_plc_ws/install/plc_comm/bin'
[4.116s] Level 1:colcon.colcon_core.environment:create_environment_scripts_only(plc_comm)
[4.117s] INFO:colcon.colcon_core.shell:Creating package script '/home/kaanjetson/ros2_plc_ws/install/plc_comm/share/plc_comm/package.ps1'
[4.120s] INFO:colcon.colcon_core.shell:Creating package descriptor '/home/kaanjetson/ros2_plc_ws/install/plc_comm/share/plc_comm/package.dsv'
[4.121s] INFO:colcon.colcon_core.shell:Creating package script '/home/kaanjetson/ros2_plc_ws/install/plc_comm/share/plc_comm/package.sh'
[4.123s] INFO:colcon.colcon_core.shell:Creating package script '/home/kaanjetson/ros2_plc_ws/install/plc_comm/share/plc_comm/package.bash'
[4.125s] INFO:colcon.colcon_core.shell:Creating package script '/home/kaanjetson/ros2_plc_ws/install/plc_comm/share/plc_comm/package.zsh'
[4.126s] Level 1:colcon.colcon_core.environment:create_file_with_runtime_dependencies(/home/kaanjetson/ros2_plc_ws/install/plc_comm/share/colcon-core/packages/plc_comm)
[4.128s] Level 1:colcon.colcon_core.environment:checking '/home/kaanjetson/ros2_plc_ws/install/oak_streamer' for CMake module files
[4.130s] DEBUG:colcon.colcon_core.event_handler.log_command:Invoked command in '/home/kaanjetson/ros2_plc_ws/src/oak_streamer' returned '0': PYTHONPATH=/home/kaanjetson/ros2_plc_ws/build/oak_streamer/prefix_override:/usr/lib/python3/dist-packages/colcon_core/task/python/colcon_distutils_commands:/home/kaanjetson/ros2_plc_ws/install/oak_streamer/lib/python3.10/site-packages:${PYTHONPATH} /usr/bin/python3 -W ignore:setup.py install is deprecated -W ignore:easy_install command is deprecated setup.py egg_info --egg-base ../../build/oak_streamer build --build-base /home/kaanjetson/ros2_plc_ws/build/oak_streamer/build install --record /home/kaanjetson/ros2_plc_ws/build/oak_streamer/install.log --single-version-externally-managed install_data
[4.131s] Level 1:colcon.colcon_core.environment:checking '/home/kaanjetson/ros2_plc_ws/install/oak_streamer' for CMake config files
[4.133s] Level 1:colcon.colcon_core.environment:checking '/home/kaanjetson/ros2_plc_ws/install/oak_streamer/lib'
[4.133s] Level 1:colcon.colcon_core.environment:checking '/home/kaanjetson/ros2_plc_ws/install/oak_streamer/bin'
[4.134s] Level 1:colcon.colcon_core.environment:checking '/home/kaanjetson/ros2_plc_ws/install/oak_streamer/lib/pkgconfig/oak_streamer.pc'
[4.135s] Level 1:colcon.colcon_core.environment:checking '/home/kaanjetson/ros2_plc_ws/install/oak_streamer/lib/python3.10/site-packages'
[4.135s] Level 1:colcon.colcon_core.shell:create_environment_hook('oak_streamer', 'pythonpath')
[4.136s] INFO:colcon.colcon_core.shell:Creating environment hook '/home/kaanjetson/ros2_plc_ws/install/oak_streamer/share/oak_streamer/hook/pythonpath.ps1'
[4.137s] INFO:colcon.colcon_core.shell:Creating environment descriptor '/home/kaanjetson/ros2_plc_ws/install/oak_streamer/share/oak_streamer/hook/pythonpath.dsv'
[4.139s] INFO:colcon.colcon_core.shell:Creating environment hook '/home/kaanjetson/ros2_plc_ws/install/oak_streamer/share/oak_streamer/hook/pythonpath.sh'
[4.141s] Level 1:colcon.colcon_core.environment:checking '/home/kaanjetson/ros2_plc_ws/install/oak_streamer/bin'
[4.141s] Level 1:colcon.colcon_core.environment:create_environment_scripts_only(oak_streamer)
[4.142s] INFO:colcon.colcon_core.shell:Creating package script '/home/kaanjetson/ros2_plc_ws/install/oak_streamer/share/oak_streamer/package.ps1'
[4.144s] INFO:colcon.colcon_core.shell:Creating package descriptor '/home/kaanjetson/ros2_plc_ws/install/oak_streamer/share/oak_streamer/package.dsv'
[4.146s] INFO:colcon.colcon_core.shell:Creating package script '/home/kaanjetson/ros2_plc_ws/install/oak_streamer/share/oak_streamer/package.sh'
[4.147s] INFO:colcon.colcon_core.shell:Creating package script '/home/kaanjetson/ros2_plc_ws/install/oak_streamer/share/oak_streamer/package.bash'
[4.148s] INFO:colcon.colcon_core.shell:Creating package script '/home/kaanjetson/ros2_plc_ws/install/oak_streamer/share/oak_streamer/package.zsh'
[4.149s] Level 1:colcon.colcon_core.environment:create_file_with_runtime_dependencies(/home/kaanjetson/ros2_plc_ws/install/oak_streamer/share/colcon-core/packages/oak_streamer)
[4.150s] DEBUG:colcon.colcon_parallel_executor.executor.parallel:closing loop
[4.151s] DEBUG:colcon.colcon_parallel_executor.executor.parallel:loop closed
[4.152s] DEBUG:colcon.colcon_parallel_executor.executor.parallel:run_until_complete finished with '0'
[4.152s] DEBUG:colcon.colcon_core.event_reactor:joining thread
[4.166s] INFO:colcon.colcon_core.plugin_system:Skipping extension 'colcon_notification.desktop_notification.terminal_notifier': Not used on non-Darwin systems
[4.167s] INFO:colcon.colcon_core.plugin_system:Skipping extension 'colcon_notification.desktop_notification.win32': Not used on non-Windows systems
[4.167s] INFO:colcon.colcon_notification.desktop_notification:Sending desktop notification using 'notify2'
[4.202s] DEBUG:colcon.colcon_notification.desktop_notification.notify2:Failed to initialize notify2: org.freedesktop.DBus.Error.Spawn.ChildExited: Process org.freedesktop.Notifications exited with status 1
[4.202s] DEBUG:colcon.colcon_core.event_reactor:joined thread
[4.203s] INFO:colcon.colcon_core.shell:Creating prefix script '/home/kaanjetson/ros2_plc_ws/install/local_setup.ps1'
[4.206s] INFO:colcon.colcon_core.shell:Creating prefix util module '/home/kaanjetson/ros2_plc_ws/install/_local_setup_util_ps1.py'
[4.211s] INFO:colcon.colcon_core.shell:Creating prefix chain script '/home/kaanjetson/ros2_plc_ws/install/setup.ps1'
[4.215s] INFO:colcon.colcon_core.shell:Creating prefix script '/home/kaanjetson/ros2_plc_ws/install/local_setup.sh'
[4.217s] INFO:colcon.colcon_core.shell:Creating prefix util module '/home/kaanjetson/ros2_plc_ws/install/_local_setup_util_sh.py'
[4.219s] INFO:colcon.colcon_core.shell:Creating prefix chain script '/home/kaanjetson/ros2_plc_ws/install/setup.sh'
[4.223s] INFO:colcon.colcon_core.shell:Creating prefix script '/home/kaanjetson/ros2_plc_ws/install/local_setup.bash'
[4.225s] INFO:colcon.colcon_core.shell:Creating prefix chain script '/home/kaanjetson/ros2_plc_ws/install/setup.bash'
[4.228s] INFO:colcon.colcon_core.shell:Creating prefix script '/home/kaanjetson/ros2_plc_ws/install/local_setup.zsh'
[4.230s] INFO:colcon.colcon_core.shell:Creating prefix chain script '/home/kaanjetson/ros2_plc_ws/install/setup.zsh'
