[2.540s] Invoking command in '/home/kaanjetson/ros2_plc_ws/build/oak_streamer': PYTHONPATH=/home/kaanjetson/ros2_plc_ws/build/oak_streamer/prefix_override:/usr/lib/python3/dist-packages/colcon_core/task/python/colcon_distutils_commands:/home/kaanjetson/ros2_plc_ws/install/oak_streamer/lib/python3.10/site-packages:${PYTHONPATH} /usr/bin/python3 -W ignore:setup.py install is deprecated -W ignore:easy_install command is deprecated setup.py develop --editable --build-directory /home/kaanjetson/ros2_plc_ws/build/oak_streamer/build --no-deps symlink_data
[3.148s] running develop
[3.527s] running egg_info
[3.527s] creating oak_streamer.egg-info
[3.527s] writing oak_streamer.egg-info/PKG-INFO
[3.528s] writing dependency_links to oak_streamer.egg-info/dependency_links.txt
[3.529s] writing entry points to oak_streamer.egg-info/entry_points.txt
[3.530s] writing requirements to oak_streamer.egg-info/requires.txt
[3.530s] writing top-level names to oak_streamer.egg-info/top_level.txt
[3.531s] writing manifest file 'oak_streamer.egg-info/SOURCES.txt'
[3.536s] reading manifest file 'oak_streamer.egg-info/SOURCES.txt'
[3.538s] writing manifest file 'oak_streamer.egg-info/SOURCES.txt'
[3.542s] running build_ext
[3.543s] Creating /home/kaanjetson/ros2_plc_ws/install/oak_streamer/lib/python3.10/site-packages/oak-streamer.egg-link (link to .)
[3.545s] Installing oak_streamer_node script to /home/kaanjetson/ros2_plc_ws/install/oak_streamer/lib/oak_streamer
[3.546s] 
[3.547s] Installed /home/kaanjetson/ros2_plc_ws/build/oak_streamer
[3.547s] running symlink_data
[3.547s] creating /home/kaanjetson/ros2_plc_ws/install/oak_streamer/share/ament_index
[3.547s] creating /home/kaanjetson/ros2_plc_ws/install/oak_streamer/share/ament_index/resource_index
[3.547s] creating /home/kaanjetson/ros2_plc_ws/install/oak_streamer/share/ament_index/resource_index/packages
[3.548s] symbolically linking /home/kaanjetson/ros2_plc_ws/build/oak_streamer/resource/oak_streamer -> /home/kaanjetson/ros2_plc_ws/install/oak_streamer/share/ament_index/resource_index/packages
[3.548s] symbolically linking /home/kaanjetson/ros2_plc_ws/build/oak_streamer/package.xml -> /home/kaanjetson/ros2_plc_ws/install/oak_streamer/share/oak_streamer
[3.666s] Invoked command in '/home/kaanjetson/ros2_plc_ws/build/oak_streamer' returned '0': PYTHONPATH=/home/kaanjetson/ros2_plc_ws/build/oak_streamer/prefix_override:/usr/lib/python3/dist-packages/colcon_core/task/python/colcon_distutils_commands:/home/kaanjetson/ros2_plc_ws/install/oak_streamer/lib/python3.10/site-packages:${PYTHONPATH} /usr/bin/python3 -W ignore:setup.py install is deprecated -W ignore:easy_install command is deprecated setup.py develop --editable --build-directory /home/kaanjetson/ros2_plc_ws/build/oak_streamer/build --no-deps symlink_data
