running develop
Removing /home/kaanjetson/ros2_plc_ws/install/commcheck/lib/python3.10/site-packages/commcheck.egg-link (link to .)
running egg_info
writing ../../build/commcheck/commcheck.egg-info/PKG-INFO
writing dependency_links to ../../build/commcheck/commcheck.egg-info/dependency_links.txt
writing entry points to ../../build/commcheck/commcheck.egg-info/entry_points.txt
writing requirements to ../../build/commcheck/commcheck.egg-info/requires.txt
writing top-level names to ../../build/commcheck/commcheck.egg-info/top_level.txt
reading manifest file '../../build/commcheck/commcheck.egg-info/SOURCES.txt'
writing manifest file '../../build/commcheck/commcheck.egg-info/SOURCES.txt'
running build
running build_py
creating /home/kaanjetson/ros2_plc_ws/build/commcheck/build
creating /home/kaanjetson/ros2_plc_ws/build/commcheck/build/lib
creating /home/kaanjetson/ros2_plc_ws/build/commcheck/build/lib/commcheck
copying commcheck/commcheck.py -> /home/kaanjetson/ros2_plc_ws/build/commcheck/build/lib/commcheck
copying commcheck/__init__.py -> /home/kaanjetson/ros2_plc_ws/build/commcheck/build/lib/commcheck
running install
running install_lib
creating /home/kaanjetson/ros2_plc_ws/install/commcheck/lib/python3.10/site-packages/commcheck
copying /home/kaanjetson/ros2_plc_ws/build/commcheck/build/lib/commcheck/commcheck.py -> /home/kaanjetson/ros2_plc_ws/install/commcheck/lib/python3.10/site-packages/commcheck
copying /home/kaanjetson/ros2_plc_ws/build/commcheck/build/lib/commcheck/__init__.py -> /home/kaanjetson/ros2_plc_ws/install/commcheck/lib/python3.10/site-packages/commcheck
byte-compiling /home/kaanjetson/ros2_plc_ws/install/commcheck/lib/python3.10/site-packages/commcheck/commcheck.py to commcheck.cpython-310.pyc
byte-compiling /home/kaanjetson/ros2_plc_ws/install/commcheck/lib/python3.10/site-packages/commcheck/__init__.py to __init__.cpython-310.pyc
running install_data
copying package.xml -> /home/kaanjetson/ros2_plc_ws/install/commcheck/share/commcheck
running install_egg_info
Copying ../../build/commcheck/commcheck.egg-info to /home/kaanjetson/ros2_plc_ws/install/commcheck/lib/python3.10/site-packages/commcheck-0.0.1-py3.10.egg-info
running install_scripts
Installing commcheck script to /home/kaanjetson/ros2_plc_ws/install/commcheck/lib/commcheck
writing list of installed files to '/home/kaanjetson/ros2_plc_ws/build/commcheck/install.log'
