[2.632s] Invoking command in '/home/kaanjetson/ros2_plc_ws/build/commcheck': PYTHONPATH=/home/kaanjetson/ros2_plc_ws/build/commcheck/prefix_override:/usr/lib/python3/dist-packages/colcon_core/task/python/colcon_distutils_commands:/home/kaanjetson/ros2_plc_ws/install/commcheck/lib/python3.10/site-packages:${PYTHONPATH} /usr/bin/python3 -W ignore:setup.py install is deprecated -W ignore:easy_install command is deprecated setup.py develop --uninstall --editable --build-directory /home/kaanjetson/ros2_plc_ws/build/commcheck/build
[3.230s] running develop
[3.622s] Removing /home/kaanjetson/ros2_plc_ws/install/commcheck/lib/python3.10/site-packages/commcheck.egg-link (link to .)
[3.708s] Invoked command in '/home/kaanjetson/ros2_plc_ws/build/commcheck' returned '0': PYTHONPATH=/home/kaanjetson/ros2_plc_ws/build/commcheck/prefix_override:/usr/lib/python3/dist-packages/colcon_core/task/python/colcon_distutils_commands:/home/kaanjetson/ros2_plc_ws/install/commcheck/lib/python3.10/site-packages:${PYTHONPATH} /usr/bin/python3 -W ignore:setup.py install is deprecated -W ignore:easy_install command is deprecated setup.py develop --uninstall --editable --build-directory /home/kaanjetson/ros2_plc_ws/build/commcheck/build
[3.720s] Invoking command in '/home/kaanjetson/ros2_plc_ws/src/commcheck': PYTHONPATH=/home/kaanjetson/ros2_plc_ws/build/commcheck/prefix_override:/usr/lib/python3/dist-packages/colcon_core/task/python/colcon_distutils_commands:/home/kaanjetson/ros2_plc_ws/install/commcheck/lib/python3.10/site-packages:${PYTHONPATH} /usr/bin/python3 -W ignore:setup.py install is deprecated -W ignore:easy_install command is deprecated setup.py egg_info --egg-base ../../build/commcheck build --build-base /home/kaanjetson/ros2_plc_ws/build/commcheck/build install --record /home/kaanjetson/ros2_plc_ws/build/commcheck/install.log --single-version-externally-managed install_data --force
[4.255s] running egg_info
[4.256s] writing ../../build/commcheck/commcheck.egg-info/PKG-INFO
[4.257s] writing dependency_links to ../../build/commcheck/commcheck.egg-info/dependency_links.txt
[4.258s] writing entry points to ../../build/commcheck/commcheck.egg-info/entry_points.txt
[4.258s] writing requirements to ../../build/commcheck/commcheck.egg-info/requires.txt
[4.258s] writing top-level names to ../../build/commcheck/commcheck.egg-info/top_level.txt
[4.262s] reading manifest file '../../build/commcheck/commcheck.egg-info/SOURCES.txt'
[4.266s] writing manifest file '../../build/commcheck/commcheck.egg-info/SOURCES.txt'
[4.267s] running build
[4.267s] running build_py
[4.267s] creating /home/kaanjetson/ros2_plc_ws/build/commcheck/build
[4.267s] creating /home/kaanjetson/ros2_plc_ws/build/commcheck/build/lib
[4.267s] creating /home/kaanjetson/ros2_plc_ws/build/commcheck/build/lib/commcheck
[4.268s] copying commcheck/commcheck.py -> /home/kaanjetson/ros2_plc_ws/build/commcheck/build/lib/commcheck
[4.268s] copying commcheck/__init__.py -> /home/kaanjetson/ros2_plc_ws/build/commcheck/build/lib/commcheck
[4.269s] running install
[4.270s] running install_lib
[4.271s] creating /home/kaanjetson/ros2_plc_ws/install/commcheck/lib/python3.10/site-packages/commcheck
[4.271s] copying /home/kaanjetson/ros2_plc_ws/build/commcheck/build/lib/commcheck/commcheck.py -> /home/kaanjetson/ros2_plc_ws/install/commcheck/lib/python3.10/site-packages/commcheck
[4.271s] copying /home/kaanjetson/ros2_plc_ws/build/commcheck/build/lib/commcheck/__init__.py -> /home/kaanjetson/ros2_plc_ws/install/commcheck/lib/python3.10/site-packages/commcheck
[4.272s] byte-compiling /home/kaanjetson/ros2_plc_ws/install/commcheck/lib/python3.10/site-packages/commcheck/commcheck.py to commcheck.cpython-310.pyc
[4.277s] byte-compiling /home/kaanjetson/ros2_plc_ws/install/commcheck/lib/python3.10/site-packages/commcheck/__init__.py to __init__.cpython-310.pyc
[4.277s] running install_data
[4.277s] copying package.xml -> /home/kaanjetson/ros2_plc_ws/install/commcheck/share/commcheck
[4.278s] running install_egg_info
[4.282s] Copying ../../build/commcheck/commcheck.egg-info to /home/kaanjetson/ros2_plc_ws/install/commcheck/lib/python3.10/site-packages/commcheck-0.0.1-py3.10.egg-info
[4.284s] running install_scripts
[4.328s] Installing commcheck script to /home/kaanjetson/ros2_plc_ws/install/commcheck/lib/commcheck
[4.329s] writing list of installed files to '/home/kaanjetson/ros2_plc_ws/build/commcheck/install.log'
[4.417s] Invoked command in '/home/kaanjetson/ros2_plc_ws/src/commcheck' returned '0': PYTHONPATH=/home/kaanjetson/ros2_plc_ws/build/commcheck/prefix_override:/usr/lib/python3/dist-packages/colcon_core/task/python/colcon_distutils_commands:/home/kaanjetson/ros2_plc_ws/install/commcheck/lib/python3.10/site-packages:${PYTHONPATH} /usr/bin/python3 -W ignore:setup.py install is deprecated -W ignore:easy_install command is deprecated setup.py egg_info --egg-base ../../build/commcheck build --build-base /home/kaanjetson/ros2_plc_ws/build/commcheck/build install --record /home/kaanjetson/ros2_plc_ws/build/commcheck/install.log --single-version-externally-managed install_data --force
