[2.713s] Invoking command in '/home/kaanjetson/ros2_plc_ws/src/commcheck': PYTHONPATH=/home/kaanjetson/ros2_plc_ws/build/commcheck/prefix_override:/usr/lib/python3/dist-packages/colcon_core/task/python/colcon_distutils_commands:/home/kaanjetson/ros2_plc_ws/install/commcheck/lib/python3.10/site-packages:${PYTHONPATH} /usr/bin/python3 -W ignore:setup.py install is deprecated -W ignore:easy_install command is deprecated setup.py egg_info --egg-base ../../build/commcheck build --build-base /home/kaanjetson/ros2_plc_ws/build/commcheck/build install --record /home/kaanjetson/ros2_plc_ws/build/commcheck/install.log --single-version-externally-managed install_data
[3.452s] running egg_info
[3.453s] creating ../../build/commcheck/commcheck.egg-info
[3.453s] writing ../../build/commcheck/commcheck.egg-info/PKG-INFO
[3.454s] writing dependency_links to ../../build/commcheck/commcheck.egg-info/dependency_links.txt
[3.454s] writing entry points to ../../build/commcheck/commcheck.egg-info/entry_points.txt
[3.455s] writing requirements to ../../build/commcheck/commcheck.egg-info/requires.txt
[3.455s] writing top-level names to ../../build/commcheck/commcheck.egg-info/top_level.txt
[3.455s] writing manifest file '../../build/commcheck/commcheck.egg-info/SOURCES.txt'
[3.462s] reading manifest file '../../build/commcheck/commcheck.egg-info/SOURCES.txt'
[3.462s] writing manifest file '../../build/commcheck/commcheck.egg-info/SOURCES.txt'
[3.463s] running build
[3.463s] running build_py
[3.464s] creating /home/kaanjetson/ros2_plc_ws/build/commcheck/build
[3.464s] creating /home/kaanjetson/ros2_plc_ws/build/commcheck/build/lib
[3.464s] creating /home/kaanjetson/ros2_plc_ws/build/commcheck/build/lib/commcheck
[3.464s] copying commcheck/commcheck.py -> /home/kaanjetson/ros2_plc_ws/build/commcheck/build/lib/commcheck
[3.465s] copying commcheck/__init__.py -> /home/kaanjetson/ros2_plc_ws/build/commcheck/build/lib/commcheck
[3.465s] running install
[3.465s] running install_lib
[3.469s] creating /home/kaanjetson/ros2_plc_ws/install/commcheck/lib/python3.10/site-packages/commcheck
[3.469s] copying /home/kaanjetson/ros2_plc_ws/build/commcheck/build/lib/commcheck/commcheck.py -> /home/kaanjetson/ros2_plc_ws/install/commcheck/lib/python3.10/site-packages/commcheck
[3.469s] copying /home/kaanjetson/ros2_plc_ws/build/commcheck/build/lib/commcheck/__init__.py -> /home/kaanjetson/ros2_plc_ws/install/commcheck/lib/python3.10/site-packages/commcheck
[3.470s] byte-compiling /home/kaanjetson/ros2_plc_ws/install/commcheck/lib/python3.10/site-packages/commcheck/commcheck.py to commcheck.cpython-310.pyc
[3.472s] byte-compiling /home/kaanjetson/ros2_plc_ws/install/commcheck/lib/python3.10/site-packages/commcheck/__init__.py to __init__.cpython-310.pyc
[3.473s] running install_data
[3.473s] copying package.xml -> /home/kaanjetson/ros2_plc_ws/install/commcheck/share/commcheck
[3.473s] running install_egg_info
[3.482s] Copying ../../build/commcheck/commcheck.egg-info to /home/kaanjetson/ros2_plc_ws/install/commcheck/lib/python3.10/site-packages/commcheck-0.0.1-py3.10.egg-info
[3.482s] running install_scripts
[3.525s] Installing commcheck script to /home/kaanjetson/ros2_plc_ws/install/commcheck/lib/commcheck
[3.525s] writing list of installed files to '/home/kaanjetson/ros2_plc_ws/build/commcheck/install.log'
[3.606s] Invoked command in '/home/kaanjetson/ros2_plc_ws/src/commcheck' returned '0': PYTHONPATH=/home/kaanjetson/ros2_plc_ws/build/commcheck/prefix_override:/usr/lib/python3/dist-packages/colcon_core/task/python/colcon_distutils_commands:/home/kaanjetson/ros2_plc_ws/install/commcheck/lib/python3.10/site-packages:${PYTHONPATH} /usr/bin/python3 -W ignore:setup.py install is deprecated -W ignore:easy_install command is deprecated setup.py egg_info --egg-base ../../build/commcheck build --build-base /home/kaanjetson/ros2_plc_ws/build/commcheck/build install --record /home/kaanjetson/ros2_plc_ws/build/commcheck/install.log --single-version-externally-managed install_data
