[2.689s] Invoking command in '/home/kaanjetson/ros2_plc_ws/build/commcheck': PYTHONPATH=/home/kaanjetson/ros2_plc_ws/build/commcheck/prefix_override:/usr/lib/python3/dist-packages/colcon_core/task/python/colcon_distutils_commands:/home/kaanjetson/ros2_plc_ws/install/commcheck/lib/python3.10/site-packages:${PYTHONPATH} /usr/bin/python3 -W ignore:setup.py install is deprecated -W ignore:easy_install command is deprecated setup.py develop --editable --build-directory /home/kaanjetson/ros2_plc_ws/build/commcheck/build --no-deps symlink_data
[3.331s] running develop
[3.740s] running egg_info
[3.740s] creating commcheck.egg-info
[3.741s] writing commcheck.egg-info/PKG-INFO
[3.742s] writing dependency_links to commcheck.egg-info/dependency_links.txt
[3.743s] writing entry points to commcheck.egg-info/entry_points.txt
[3.744s] writing requirements to commcheck.egg-info/requires.txt
[3.745s] writing top-level names to commcheck.egg-info/top_level.txt
[3.746s] writing manifest file 'commcheck.egg-info/SOURCES.txt'
[3.750s] reading manifest file 'commcheck.egg-info/SOURCES.txt'
[3.752s] writing manifest file 'commcheck.egg-info/SOURCES.txt'
[3.756s] running build_ext
[3.756s] Creating /home/kaanjetson/ros2_plc_ws/install/commcheck/lib/python3.10/site-packages/commcheck.egg-link (link to .)
[3.759s] Installing commcheck script to /home/kaanjetson/ros2_plc_ws/install/commcheck/lib/commcheck
[3.761s] 
[3.761s] Installed /home/kaanjetson/ros2_plc_ws/build/commcheck
[3.761s] running symlink_data
[3.762s] symbolically linking /home/kaanjetson/ros2_plc_ws/build/commcheck/package.xml -> /home/kaanjetson/ros2_plc_ws/install/commcheck/share/commcheck
[3.973s] Invoked command in '/home/kaanjetson/ros2_plc_ws/build/commcheck' returned '0': PYTHONPATH=/home/kaanjetson/ros2_plc_ws/build/commcheck/prefix_override:/usr/lib/python3/dist-packages/colcon_core/task/python/colcon_distutils_commands:/home/kaanjetson/ros2_plc_ws/install/commcheck/lib/python3.10/site-packages:${PYTHONPATH} /usr/bin/python3 -W ignore:setup.py install is deprecated -W ignore:easy_install command is deprecated setup.py develop --editable --build-directory /home/kaanjetson/ros2_plc_ws/build/commcheck/build --no-deps symlink_data
