[1.276s] Invoking command in '/home/kaanjetson/ros2_plc_ws/src/oak_streamer': PYTHONPATH=/home/kaanjetson/ros2_plc_ws/build/oak_streamer/prefix_override:/usr/lib/python3/dist-packages/colcon_core/task/python/colcon_distutils_commands:/home/kaanjetson/ros2_plc_ws/install/oak_streamer/lib/python3.10/site-packages:${PYTHONPATH} /usr/bin/python3 -W ignore:setup.py install is deprecated -W ignore:easy_install command is deprecated setup.py egg_info --egg-base ../../build/oak_streamer build --build-base /home/kaanjetson/ros2_plc_ws/build/oak_streamer/build install --record /home/kaanjetson/ros2_plc_ws/build/oak_streamer/install.log --single-version-externally-managed install_data
[1.778s] running egg_info
[1.778s] creating ../../build/oak_streamer/oak_streamer.egg-info
[1.779s] writing ../../build/oak_streamer/oak_streamer.egg-info/PKG-INFO
[1.779s] writing dependency_links to ../../build/oak_streamer/oak_streamer.egg-info/dependency_links.txt
[1.780s] writing entry points to ../../build/oak_streamer/oak_streamer.egg-info/entry_points.txt
[1.780s] writing requirements to ../../build/oak_streamer/oak_streamer.egg-info/requires.txt
[1.780s] writing top-level names to ../../build/oak_streamer/oak_streamer.egg-info/top_level.txt
[1.781s] writing manifest file '../../build/oak_streamer/oak_streamer.egg-info/SOURCES.txt'
[1.784s] reading manifest file '../../build/oak_streamer/oak_streamer.egg-info/SOURCES.txt'
[1.786s] writing manifest file '../../build/oak_streamer/oak_streamer.egg-info/SOURCES.txt'
[1.786s] running build
[1.786s] running build_py
[1.786s] creating /home/kaanjetson/ros2_plc_ws/build/oak_streamer/build
[1.787s] creating /home/kaanjetson/ros2_plc_ws/build/oak_streamer/build/lib
[1.787s] creating /home/kaanjetson/ros2_plc_ws/build/oak_streamer/build/lib/oak_streamer
[1.787s] copying oak_streamer/__init__.py -> /home/kaanjetson/ros2_plc_ws/build/oak_streamer/build/lib/oak_streamer
[1.787s] copying oak_streamer/oak_streamer_node.py -> /home/kaanjetson/ros2_plc_ws/build/oak_streamer/build/lib/oak_streamer
[1.787s] running install
[1.788s] running install_lib
[1.792s] creating /home/kaanjetson/ros2_plc_ws/install/oak_streamer/lib/python3.10/site-packages/oak_streamer
[1.793s] copying /home/kaanjetson/ros2_plc_ws/build/oak_streamer/build/lib/oak_streamer/__init__.py -> /home/kaanjetson/ros2_plc_ws/install/oak_streamer/lib/python3.10/site-packages/oak_streamer
[1.793s] copying /home/kaanjetson/ros2_plc_ws/build/oak_streamer/build/lib/oak_streamer/oak_streamer_node.py -> /home/kaanjetson/ros2_plc_ws/install/oak_streamer/lib/python3.10/site-packages/oak_streamer
[1.794s] byte-compiling /home/kaanjetson/ros2_plc_ws/install/oak_streamer/lib/python3.10/site-packages/oak_streamer/__init__.py to __init__.cpython-310.pyc
[1.794s] byte-compiling /home/kaanjetson/ros2_plc_ws/install/oak_streamer/lib/python3.10/site-packages/oak_streamer/oak_streamer_node.py to oak_streamer_node.cpython-310.pyc
[1.795s] running install_data
[1.796s] creating /home/kaanjetson/ros2_plc_ws/install/oak_streamer/share/ament_index
[1.796s] creating /home/kaanjetson/ros2_plc_ws/install/oak_streamer/share/ament_index/resource_index
[1.796s] creating /home/kaanjetson/ros2_plc_ws/install/oak_streamer/share/ament_index/resource_index/packages
[1.796s] copying resource/oak_streamer -> /home/kaanjetson/ros2_plc_ws/install/oak_streamer/share/ament_index/resource_index/packages
[1.796s] copying package.xml -> /home/kaanjetson/ros2_plc_ws/install/oak_streamer/share/oak_streamer
[1.796s] running install_egg_info
[1.800s] Copying ../../build/oak_streamer/oak_streamer.egg-info to /home/kaanjetson/ros2_plc_ws/install/oak_streamer/lib/python3.10/site-packages/oak_streamer-0.0.0-py3.10.egg-info
[1.802s] running install_scripts
[1.845s] Installing oak_streamer_node script to /home/kaanjetson/ros2_plc_ws/install/oak_streamer/lib/oak_streamer
[1.846s] writing list of installed files to '/home/kaanjetson/ros2_plc_ws/build/oak_streamer/install.log'
[1.916s] Invoked command in '/home/kaanjetson/ros2_plc_ws/src/oak_streamer' returned '0': PYTHONPATH=/home/kaanjetson/ros2_plc_ws/build/oak_streamer/prefix_override:/usr/lib/python3/dist-packages/colcon_core/task/python/colcon_distutils_commands:/home/kaanjetson/ros2_plc_ws/install/oak_streamer/lib/python3.10/site-packages:${PYTHONPATH} /usr/bin/python3 -W ignore:setup.py install is deprecated -W ignore:easy_install command is deprecated setup.py egg_info --egg-base ../../build/oak_streamer build --build-base /home/kaanjetson/ros2_plc_ws/build/oak_streamer/build install --record /home/kaanjetson/ros2_plc_ws/build/oak_streamer/install.log --single-version-externally-managed install_data
