[2.620s] Invoking command in '/home/kaanjetson/ros2_plc_ws/src/commcheck': PYTHONPATH=/home/kaanjetson/ros2_plc_ws/build/commcheck/prefix_override:/usr/lib/python3/dist-packages/colcon_core/task/python/colcon_distutils_commands:/home/kaanjetson/ros2_plc_ws/install/commcheck/lib/python3.10/site-packages:${PYTHONPATH} /usr/bin/python3 -W ignore:setup.py install is deprecated -W ignore:easy_install command is deprecated setup.py egg_info --egg-base ../../build/commcheck build --build-base /home/kaanjetson/ros2_plc_ws/build/commcheck/build install --record /home/kaanjetson/ros2_plc_ws/build/commcheck/install.log --single-version-externally-managed install_data
[3.129s] running egg_info
[3.130s] writing ../../build/commcheck/commcheck.egg-info/PKG-INFO
[3.131s] writing dependency_links to ../../build/commcheck/commcheck.egg-info/dependency_links.txt
[3.131s] writing entry points to ../../build/commcheck/commcheck.egg-info/entry_points.txt
[3.131s] writing requirements to ../../build/commcheck/commcheck.egg-info/requires.txt
[3.132s] writing top-level names to ../../build/commcheck/commcheck.egg-info/top_level.txt
[3.136s] reading manifest file '../../build/commcheck/commcheck.egg-info/SOURCES.txt'
[3.137s] writing manifest file '../../build/commcheck/commcheck.egg-info/SOURCES.txt'
[3.138s] running build
[3.138s] running build_py
[3.138s] running install
[3.139s] running install_lib
[3.145s] running install_data
[3.145s] running install_egg_info
[3.150s] removing '/home/kaanjetson/ros2_plc_ws/install/commcheck/lib/python3.10/site-packages/commcheck-0.0.1-py3.10.egg-info' (and everything under it)
[3.150s] Copying ../../build/commcheck/commcheck.egg-info to /home/kaanjetson/ros2_plc_ws/install/commcheck/lib/python3.10/site-packages/commcheck-0.0.1-py3.10.egg-info
[3.153s] running install_scripts
[3.197s] Installing commcheck script to /home/kaanjetson/ros2_plc_ws/install/commcheck/lib/commcheck
[3.198s] writing list of installed files to '/home/kaanjetson/ros2_plc_ws/build/commcheck/install.log'
[3.323s] Invoked command in '/home/kaanjetson/ros2_plc_ws/src/commcheck' returned '0': PYTHONPATH=/home/kaanjetson/ros2_plc_ws/build/commcheck/prefix_override:/usr/lib/python3/dist-packages/colcon_core/task/python/colcon_distutils_commands:/home/kaanjetson/ros2_plc_ws/install/commcheck/lib/python3.10/site-packages:${PYTHONPATH} /usr/bin/python3 -W ignore:setup.py install is deprecated -W ignore:easy_install command is deprecated setup.py egg_info --egg-base ../../build/commcheck build --build-base /home/kaanjetson/ros2_plc_ws/build/commcheck/build install --record /home/kaanjetson/ros2_plc_ws/build/commcheck/install.log --single-version-externally-managed install_data
