running egg_info
writing ../../build/plc_comm/plc_comm.egg-info/PKG-INFO
writing dependency_links to ../../build/plc_comm/plc_comm.egg-info/dependency_links.txt
writing entry points to ../../build/plc_comm/plc_comm.egg-info/entry_points.txt
writing requirements to ../../build/plc_comm/plc_comm.egg-info/requires.txt
writing top-level names to ../../build/plc_comm/plc_comm.egg-info/top_level.txt
reading manifest file '../../build/plc_comm/plc_comm.egg-info/SOURCES.txt'
writing manifest file '../../build/plc_comm/plc_comm.egg-info/SOURCES.txt'
running build
running build_py
copying plc_comm/udp_listener_node.py -> /home/kaanjetson/ros2_plc_ws/build/plc_comm/build/lib/plc_comm
running install
running install_lib
copying /home/kaanjetson/ros2_plc_ws/build/plc_comm/build/lib/plc_comm/udp_listener_node.py -> /home/kaanjetson/ros2_plc_ws/install/plc_comm/lib/python3.10/site-packages/plc_comm
byte-compiling /home/kaanjetson/ros2_plc_ws/install/plc_comm/lib/python3.10/site-packages/plc_comm/udp_listener_node.py to udp_listener_node.cpython-310.pyc
running install_data
running install_egg_info
removing '/home/kaanjetson/ros2_plc_ws/install/plc_comm/lib/python3.10/site-packages/plc_comm-0.0.0-py3.10.egg-info' (and everything under it)
Copying ../../build/plc_comm/plc_comm.egg-info to /home/kaanjetson/ros2_plc_ws/install/plc_comm/lib/python3.10/site-packages/plc_comm-0.0.0-py3.10.egg-info
running install_scripts
Installing plc_comm_node script to /home/kaanjetson/ros2_plc_ws/install/plc_comm/lib/plc_comm
Installing plc_write_m11_node script to /home/kaanjetson/ros2_plc_ws/install/plc_comm/lib/plc_comm
Installing plc_write_node script to /home/kaanjetson/ros2_plc_ws/install/plc_comm/lib/plc_comm
Installing plc_write_read_node script to /home/kaanjetson/ros2_plc_ws/install/plc_comm/lib/plc_comm
Installing udp_listener_node script to /home/kaanjetson/ros2_plc_ws/install/plc_comm/lib/plc_comm
writing list of installed files to '/home/kaanjetson/ros2_plc_ws/build/plc_comm/install.log'
