[2.644s] Invoking command in '/home/kaanjetson/ros2_plc_ws/src/oak_streamer': PYTHONPATH=/home/kaanjetson/ros2_plc_ws/build/oak_streamer/prefix_override:/usr/lib/python3/dist-packages/colcon_core/task/python/colcon_distutils_commands:/home/kaanjetson/ros2_plc_ws/install/oak_streamer/lib/python3.10/site-packages:${PYTHONPATH} /usr/bin/python3 -W ignore:setup.py install is deprecated -W ignore:easy_install command is deprecated setup.py egg_info --egg-base ../../build/oak_streamer build --build-base /home/kaanjetson/ros2_plc_ws/build/oak_streamer/build install --record /home/kaanjetson/ros2_plc_ws/build/oak_streamer/install.log --single-version-externally-managed install_data
[3.166s] running egg_info
[3.172s] writing ../../build/oak_streamer/oak_streamer.egg-info/PKG-INFO
[3.174s] writing dependency_links to ../../build/oak_streamer/oak_streamer.egg-info/dependency_links.txt
[3.174s] writing entry points to ../../build/oak_streamer/oak_streamer.egg-info/entry_points.txt
[3.175s] writing requirements to ../../build/oak_streamer/oak_streamer.egg-info/requires.txt
[3.175s] writing top-level names to ../../build/oak_streamer/oak_streamer.egg-info/top_level.txt
[3.175s] reading manifest file '../../build/oak_streamer/oak_streamer.egg-info/SOURCES.txt'
[3.176s] writing manifest file '../../build/oak_streamer/oak_streamer.egg-info/SOURCES.txt'
[3.176s] running build
[3.176s] running build_py
[3.177s] running install
[3.178s] running install_lib
[3.181s] running install_data
[3.181s] running install_egg_info
[3.185s] removing '/home/kaanjetson/ros2_plc_ws/install/oak_streamer/lib/python3.10/site-packages/oak_streamer-0.0.0-py3.10.egg-info' (and everything under it)
[3.186s] Copying ../../build/oak_streamer/oak_streamer.egg-info to /home/kaanjetson/ros2_plc_ws/install/oak_streamer/lib/python3.10/site-packages/oak_streamer-0.0.0-py3.10.egg-info
[3.188s] running install_scripts
[3.235s] Installing oak_streamer_node script to /home/kaanjetson/ros2_plc_ws/install/oak_streamer/lib/oak_streamer
[3.235s] writing list of installed files to '/home/kaanjetson/ros2_plc_ws/build/oak_streamer/install.log'
[3.351s] Invoked command in '/home/kaanjetson/ros2_plc_ws/src/oak_streamer' returned '0': PYTHONPATH=/home/kaanjetson/ros2_plc_ws/build/oak_streamer/prefix_override:/usr/lib/python3/dist-packages/colcon_core/task/python/colcon_distutils_commands:/home/kaanjetson/ros2_plc_ws/install/oak_streamer/lib/python3.10/site-packages:${PYTHONPATH} /usr/bin/python3 -W ignore:setup.py install is deprecated -W ignore:easy_install command is deprecated setup.py egg_info --egg-base ../../build/oak_streamer build --build-base /home/kaanjetson/ros2_plc_ws/build/oak_streamer/build install --record /home/kaanjetson/ros2_plc_ws/build/oak_streamer/install.log --single-version-externally-managed install_data
