[3.150s] Invoking command in '/home/kaanjetson/ros2_plc_ws/build/plc_comm': PYTHONPATH=/home/kaanjetson/ros2_plc_ws/build/plc_comm/prefix_override:/usr/lib/python3/dist-packages/colcon_core/task/python/colcon_distutils_commands:/home/kaanjetson/ros2_plc_ws/install/plc_comm/lib/python3.10/site-packages:${PYTHONPATH} /usr/bin/python3 -W ignore:setup.py install is deprecated -W ignore:easy_install command is deprecated setup.py develop --editable --build-directory /home/kaanjetson/ros2_plc_ws/build/plc_comm/build --no-deps symlink_data
[3.774s] running develop
[4.148s] running egg_info
[4.148s] creating plc_comm.egg-info
[4.149s] writing plc_comm.egg-info/PKG-INFO
[4.149s] writing dependency_links to plc_comm.egg-info/dependency_links.txt
[4.149s] writing entry points to plc_comm.egg-info/entry_points.txt
[4.149s] writing requirements to plc_comm.egg-info/requires.txt
[4.149s] writing top-level names to plc_comm.egg-info/top_level.txt
[4.149s] writing manifest file 'plc_comm.egg-info/SOURCES.txt'
[4.152s] reading manifest file 'plc_comm.egg-info/SOURCES.txt'
[4.153s] writing manifest file 'plc_comm.egg-info/SOURCES.txt'
[4.159s] running build_ext
[4.159s] Creating /home/kaanjetson/ros2_plc_ws/install/plc_comm/lib/python3.10/site-packages/plc-comm.egg-link (link to .)
[4.161s] Installing plc_comm_node script to /home/kaanjetson/ros2_plc_ws/install/plc_comm/lib/plc_comm
[4.161s] Installing plc_write_m11_node script to /home/kaanjetson/ros2_plc_ws/install/plc_comm/lib/plc_comm
[4.163s] Installing plc_write_node script to /home/kaanjetson/ros2_plc_ws/install/plc_comm/lib/plc_comm
[4.163s] Installing plc_write_read_node script to /home/kaanjetson/ros2_plc_ws/install/plc_comm/lib/plc_comm
[4.163s] Installing udp_listener_node script to /home/kaanjetson/ros2_plc_ws/install/plc_comm/lib/plc_comm
[4.164s] 
[4.164s] Installed /home/kaanjetson/ros2_plc_ws/build/plc_comm
[4.165s] running symlink_data
[4.165s] creating /home/kaanjetson/ros2_plc_ws/install/plc_comm/share/ament_index
[4.165s] creating /home/kaanjetson/ros2_plc_ws/install/plc_comm/share/ament_index/resource_index
[4.165s] creating /home/kaanjetson/ros2_plc_ws/install/plc_comm/share/ament_index/resource_index/packages
[4.165s] symbolically linking /home/kaanjetson/ros2_plc_ws/build/plc_comm/resource/plc_comm -> /home/kaanjetson/ros2_plc_ws/install/plc_comm/share/ament_index/resource_index/packages
[4.165s] symbolically linking /home/kaanjetson/ros2_plc_ws/build/plc_comm/package.xml -> /home/kaanjetson/ros2_plc_ws/install/plc_comm/share/plc_comm
[4.275s] Invoked command in '/home/kaanjetson/ros2_plc_ws/build/plc_comm' returned '0': PYTHONPATH=/home/kaanjetson/ros2_plc_ws/build/plc_comm/prefix_override:/usr/lib/python3/dist-packages/colcon_core/task/python/colcon_distutils_commands:/home/kaanjetson/ros2_plc_ws/install/plc_comm/lib/python3.10/site-packages:${PYTHONPATH} /usr/bin/python3 -W ignore:setup.py install is deprecated -W ignore:easy_install command is deprecated setup.py develop --editable --build-directory /home/kaanjetson/ros2_plc_ws/build/plc_comm/build --no-deps symlink_data
