[0.229s] DEBUG:colcon:Command line arguments: ['/usr/bin/colcon', 'build']
[0.229s] DEBUG:colcon:Parsed command line arguments: Namespace(log_base=None, log_level=None, verb_name='build', build_base='build', install_base='install', merge_install=False, symlink_install=False, test_result_base=None, continue_on_error=False, executor='parallel', parallel_workers=6, event_handlers=None, ignore_user_meta=False, metas=['./colcon.meta'], base_paths=['.'], packages_ignore=None, packages_ignore_regex=None, paths=None, packages_up_to=None, packages_up_to_regex=None, packages_above=None, packages_above_and_dependencies=None, packages_above_depth=None, packages_select_by_dep=None, packages_skip_by_dep=None, packages_skip_up_to=None, packages_select_build_failed=False, packages_skip_build_finished=False, packages_select_test_failures=False, packages_skip_test_passed=False, packages_select=None, packages_skip=None, packages_select_regex=None, packages_skip_regex=None, packages_start=None, packages_end=None, allow_overriding=[], cmake_args=None, cmake_target=None, cmake_target_skip_unavailable=False, cmake_clean_cache=False, cmake_clean_first=False, cmake_force_configure=False, ament_cmake_args=None, catkin_cmake_args=None, catkin_skip_building_tests=False, verb_parser=<colcon_defaults.argument_parser.defaults.DefaultArgumentsDecorator object at 0xffffba3f15d0>, verb_extension=<colcon_core.verb.build.BuildVerb object at 0xffffba64a1a0>, main=<bound method BuildVerb.main of <colcon_core.verb.build.BuildVerb object at 0xffffba64a1a0>>)
[0.592s] Level 1:colcon.colcon_core.package_discovery:discover_packages(colcon_meta) check parameters
[0.593s] Level 1:colcon.colcon_core.package_discovery:discover_packages(recursive) check parameters
[0.593s] Level 1:colcon.colcon_core.package_discovery:discover_packages(ignore) check parameters
[0.593s] Level 1:colcon.colcon_core.package_discovery:discover_packages(path) check parameters
[0.593s] Level 1:colcon.colcon_core.package_discovery:discover_packages(colcon_meta) discover
[0.593s] Level 1:colcon.colcon_core.package_discovery:discover_packages(recursive) discover
[0.593s] INFO:colcon.colcon_core.package_discovery:Crawling recursively for packages in '/home/kaanjetson/ros2_plc_ws'
[0.594s] Level 1:colcon.colcon_core.package_identification:_identify(.) by extensions ['ignore', 'ignore_ament_install']
[0.594s] Level 1:colcon.colcon_core.package_identification:_identify(.) by extension 'ignore'
[0.594s] Level 1:colcon.colcon_core.package_identification:_identify(.) by extension 'ignore_ament_install'
[0.594s] Level 1:colcon.colcon_core.package_identification:_identify(.) by extensions ['colcon_pkg']
[0.594s] Level 1:colcon.colcon_core.package_identification:_identify(.) by extension 'colcon_pkg'
[0.594s] Level 1:colcon.colcon_core.package_identification:_identify(.) by extensions ['colcon_meta']
[0.594s] Level 1:colcon.colcon_core.package_identification:_identify(.) by extension 'colcon_meta'
[0.595s] Level 1:colcon.colcon_core.package_identification:_identify(.) by extensions ['ros']
[0.595s] Level 1:colcon.colcon_core.package_identification:_identify(.) by extension 'ros'
[0.617s] Level 1:colcon.colcon_core.package_identification:_identify(.) by extensions ['cmake', 'python']
[0.617s] Level 1:colcon.colcon_core.package_identification:_identify(.) by extension 'cmake'
[0.617s] Level 1:colcon.colcon_core.package_identification:_identify(.) by extension 'python'
[0.617s] Level 1:colcon.colcon_core.package_identification:_identify(.) by extensions ['python_setup_py']
[0.617s] Level 1:colcon.colcon_core.package_identification:_identify(.) by extension 'python_setup_py'
[0.618s] Level 1:colcon.colcon_core.package_identification:_identify(build) by extensions ['ignore', 'ignore_ament_install']
[0.618s] Level 1:colcon.colcon_core.package_identification:_identify(build) by extension 'ignore'
[0.618s] Level 1:colcon.colcon_core.package_identification:_identify(build) ignored
[0.618s] Level 1:colcon.colcon_core.package_identification:_identify(install) by extensions ['ignore', 'ignore_ament_install']
[0.618s] Level 1:colcon.colcon_core.package_identification:_identify(install) by extension 'ignore'
[0.618s] Level 1:colcon.colcon_core.package_identification:_identify(install) ignored
[0.619s] Level 1:colcon.colcon_core.package_identification:_identify(log) by extensions ['ignore', 'ignore_ament_install']
[0.619s] Level 1:colcon.colcon_core.package_identification:_identify(log) by extension 'ignore'
[0.619s] Level 1:colcon.colcon_core.package_identification:_identify(log) ignored
[0.619s] Level 1:colcon.colcon_core.package_identification:_identify(src) by extensions ['ignore', 'ignore_ament_install']
[0.619s] Level 1:colcon.colcon_core.package_identification:_identify(src) by extension 'ignore'
[0.619s] Level 1:colcon.colcon_core.package_identification:_identify(src) by extension 'ignore_ament_install'
[0.620s] Level 1:colcon.colcon_core.package_identification:_identify(src) by extensions ['colcon_pkg']
[0.620s] Level 1:colcon.colcon_core.package_identification:_identify(src) by extension 'colcon_pkg'
[0.620s] Level 1:colcon.colcon_core.package_identification:_identify(src) by extensions ['colcon_meta']
[0.620s] Level 1:colcon.colcon_core.package_identification:_identify(src) by extension 'colcon_meta'
[0.620s] Level 1:colcon.colcon_core.package_identification:_identify(src) by extensions ['ros']
[0.620s] Level 1:colcon.colcon_core.package_identification:_identify(src) by extension 'ros'
[0.620s] Level 1:colcon.colcon_core.package_identification:_identify(src) by extensions ['cmake', 'python']
[0.620s] Level 1:colcon.colcon_core.package_identification:_identify(src) by extension 'cmake'
[0.620s] Level 1:colcon.colcon_core.package_identification:_identify(src) by extension 'python'
[0.620s] Level 1:colcon.colcon_core.package_identification:_identify(src) by extensions ['python_setup_py']
[0.621s] Level 1:colcon.colcon_core.package_identification:_identify(src) by extension 'python_setup_py'
[0.621s] Level 1:colcon.colcon_core.package_identification:_identify(src/commcheck) by extensions ['ignore', 'ignore_ament_install']
[0.621s] Level 1:colcon.colcon_core.package_identification:_identify(src/commcheck) by extension 'ignore'
[0.621s] Level 1:colcon.colcon_core.package_identification:_identify(src/commcheck) by extension 'ignore_ament_install'
[0.621s] Level 1:colcon.colcon_core.package_identification:_identify(src/commcheck) by extensions ['colcon_pkg']
[0.621s] Level 1:colcon.colcon_core.package_identification:_identify(src/commcheck) by extension 'colcon_pkg'
[0.621s] Level 1:colcon.colcon_core.package_identification:_identify(src/commcheck) by extensions ['colcon_meta']
[0.621s] Level 1:colcon.colcon_core.package_identification:_identify(src/commcheck) by extension 'colcon_meta'
[0.622s] Level 1:colcon.colcon_core.package_identification:_identify(src/commcheck) by extensions ['ros']
[0.622s] Level 1:colcon.colcon_core.package_identification:_identify(src/commcheck) by extension 'ros'
[0.626s] DEBUG:colcon.colcon_core.package_identification:Package 'src/commcheck' with type 'ros.ament_python' and name 'commcheck'
[0.627s] Level 1:colcon.colcon_core.package_identification:_identify(src/oak_streamer) by extensions ['ignore', 'ignore_ament_install']
[0.627s] Level 1:colcon.colcon_core.package_identification:_identify(src/oak_streamer) by extension 'ignore'
[0.627s] Level 1:colcon.colcon_core.package_identification:_identify(src/oak_streamer) by extension 'ignore_ament_install'
[0.627s] Level 1:colcon.colcon_core.package_identification:_identify(src/oak_streamer) by extensions ['colcon_pkg']
[0.627s] Level 1:colcon.colcon_core.package_identification:_identify(src/oak_streamer) by extension 'colcon_pkg'
[0.628s] Level 1:colcon.colcon_core.package_identification:_identify(src/oak_streamer) by extensions ['colcon_meta']
[0.628s] Level 1:colcon.colcon_core.package_identification:_identify(src/oak_streamer) by extension 'colcon_meta'
[0.628s] Level 1:colcon.colcon_core.package_identification:_identify(src/oak_streamer) by extensions ['ros']
[0.628s] Level 1:colcon.colcon_core.package_identification:_identify(src/oak_streamer) by extension 'ros'
[0.629s] DEBUG:colcon.colcon_core.package_identification:Package 'src/oak_streamer' with type 'ros.ament_python' and name 'oak_streamer'
[0.629s] Level 1:colcon.colcon_core.package_identification:_identify(src/plc_comm) by extensions ['ignore', 'ignore_ament_install']
[0.629s] Level 1:colcon.colcon_core.package_identification:_identify(src/plc_comm) by extension 'ignore'
[0.630s] Level 1:colcon.colcon_core.package_identification:_identify(src/plc_comm) by extension 'ignore_ament_install'
[0.630s] Level 1:colcon.colcon_core.package_identification:_identify(src/plc_comm) by extensions ['colcon_pkg']
[0.630s] Level 1:colcon.colcon_core.package_identification:_identify(src/plc_comm) by extension 'colcon_pkg'
[0.630s] Level 1:colcon.colcon_core.package_identification:_identify(src/plc_comm) by extensions ['colcon_meta']
[0.630s] Level 1:colcon.colcon_core.package_identification:_identify(src/plc_comm) by extension 'colcon_meta'
[0.630s] Level 1:colcon.colcon_core.package_identification:_identify(src/plc_comm) by extensions ['ros']
[0.630s] Level 1:colcon.colcon_core.package_identification:_identify(src/plc_comm) by extension 'ros'
[0.631s] DEBUG:colcon.colcon_core.package_identification:Package 'src/plc_comm' with type 'ros.ament_python' and name 'plc_comm'
[0.631s] Level 1:colcon.colcon_core.package_discovery:discover_packages(recursive) using defaults
[0.632s] Level 1:colcon.colcon_core.package_discovery:discover_packages(ignore) discover
[0.632s] Level 1:colcon.colcon_core.package_discovery:discover_packages(ignore) using defaults
[0.632s] Level 1:colcon.colcon_core.package_discovery:discover_packages(path) discover
[0.632s] Level 1:colcon.colcon_core.package_discovery:discover_packages(path) using defaults
[0.705s] Level 1:colcon.colcon_core.package_discovery:discover_packages(prefix_path) check parameters
[0.706s] Level 1:colcon.colcon_core.package_discovery:discover_packages(prefix_path) discover
[0.709s] DEBUG:colcon.colcon_installed_package_information.package_discovery:Found 3 installed packages in /home/kaanjetson/ros2_plc_ws/install
[0.712s] DEBUG:colcon.colcon_installed_package_information.package_discovery:Found 294 installed packages in /opt/ros/humble
[0.715s] Level 1:colcon.colcon_core.package_discovery:discover_packages(prefix_path) using defaults
[0.794s] Level 5:colcon.colcon_core.verb:set package 'commcheck' build argument 'cmake_args' from command line to 'None'
[0.794s] Level 5:colcon.colcon_core.verb:set package 'commcheck' build argument 'cmake_target' from command line to 'None'
[0.794s] Level 5:colcon.colcon_core.verb:set package 'commcheck' build argument 'cmake_target_skip_unavailable' from command line to 'False'
[0.794s] Level 5:colcon.colcon_core.verb:set package 'commcheck' build argument 'cmake_clean_cache' from command line to 'False'
[0.794s] Level 5:colcon.colcon_core.verb:set package 'commcheck' build argument 'cmake_clean_first' from command line to 'False'
[0.794s] Level 5:colcon.colcon_core.verb:set package 'commcheck' build argument 'cmake_force_configure' from command line to 'False'
[0.794s] Level 5:colcon.colcon_core.verb:set package 'commcheck' build argument 'ament_cmake_args' from command line to 'None'
[0.794s] Level 5:colcon.colcon_core.verb:set package 'commcheck' build argument 'catkin_cmake_args' from command line to 'None'
[0.794s] Level 5:colcon.colcon_core.verb:set package 'commcheck' build argument 'catkin_skip_building_tests' from command line to 'False'
[0.794s] DEBUG:colcon.colcon_core.verb:Building package 'commcheck' with the following arguments: {'ament_cmake_args': None, 'build_base': '/home/kaanjetson/ros2_plc_ws/build/commcheck', 'catkin_cmake_args': None, 'catkin_skip_building_tests': False, 'cmake_args': None, 'cmake_clean_cache': False, 'cmake_clean_first': False, 'cmake_force_configure': False, 'cmake_target': None, 'cmake_target_skip_unavailable': False, 'install_base': '/home/kaanjetson/ros2_plc_ws/install/commcheck', 'merge_install': False, 'path': '/home/kaanjetson/ros2_plc_ws/src/commcheck', 'symlink_install': False, 'test_result_base': None}
[0.795s] Level 5:colcon.colcon_core.verb:set package 'oak_streamer' build argument 'cmake_args' from command line to 'None'
[0.795s] Level 5:colcon.colcon_core.verb:set package 'oak_streamer' build argument 'cmake_target' from command line to 'None'
[0.795s] Level 5:colcon.colcon_core.verb:set package 'oak_streamer' build argument 'cmake_target_skip_unavailable' from command line to 'False'
[0.795s] Level 5:colcon.colcon_core.verb:set package 'oak_streamer' build argument 'cmake_clean_cache' from command line to 'False'
[0.795s] Level 5:colcon.colcon_core.verb:set package 'oak_streamer' build argument 'cmake_clean_first' from command line to 'False'
[0.795s] Level 5:colcon.colcon_core.verb:set package 'oak_streamer' build argument 'cmake_force_configure' from command line to 'False'
[0.796s] Level 5:colcon.colcon_core.verb:set package 'oak_streamer' build argument 'ament_cmake_args' from command line to 'None'
[0.796s] Level 5:colcon.colcon_core.verb:set package 'oak_streamer' build argument 'catkin_cmake_args' from command line to 'None'
[0.796s] Level 5:colcon.colcon_core.verb:set package 'oak_streamer' build argument 'catkin_skip_building_tests' from command line to 'False'
[0.796s] DEBUG:colcon.colcon_core.verb:Building package 'oak_streamer' with the following arguments: {'ament_cmake_args': None, 'build_base': '/home/kaanjetson/ros2_plc_ws/build/oak_streamer', 'catkin_cmake_args': None, 'catkin_skip_building_tests': False, 'cmake_args': None, 'cmake_clean_cache': False, 'cmake_clean_first': False, 'cmake_force_configure': False, 'cmake_target': None, 'cmake_target_skip_unavailable': False, 'install_base': '/home/kaanjetson/ros2_plc_ws/install/oak_streamer', 'merge_install': False, 'path': '/home/kaanjetson/ros2_plc_ws/src/oak_streamer', 'symlink_install': False, 'test_result_base': None}
[0.796s] Level 5:colcon.colcon_core.verb:set package 'plc_comm' build argument 'cmake_args' from command line to 'None'
[0.796s] Level 5:colcon.colcon_core.verb:set package 'plc_comm' build argument 'cmake_target' from command line to 'None'
[0.796s] Level 5:colcon.colcon_core.verb:set package 'plc_comm' build argument 'cmake_target_skip_unavailable' from command line to 'False'
[0.797s] Level 5:colcon.colcon_core.verb:set package 'plc_comm' build argument 'cmake_clean_cache' from command line to 'False'
[0.797s] Level 5:colcon.colcon_core.verb:set package 'plc_comm' build argument 'cmake_clean_first' from command line to 'False'
[0.797s] Level 5:colcon.colcon_core.verb:set package 'plc_comm' build argument 'cmake_force_configure' from command line to 'False'
[0.797s] Level 5:colcon.colcon_core.verb:set package 'plc_comm' build argument 'ament_cmake_args' from command line to 'None'
[0.797s] Level 5:colcon.colcon_core.verb:set package 'plc_comm' build argument 'catkin_cmake_args' from command line to 'None'
[0.797s] Level 5:colcon.colcon_core.verb:set package 'plc_comm' build argument 'catkin_skip_building_tests' from command line to 'False'
[0.797s] DEBUG:colcon.colcon_core.verb:Building package 'plc_comm' with the following arguments: {'ament_cmake_args': None, 'build_base': '/home/kaanjetson/ros2_plc_ws/build/plc_comm', 'catkin_cmake_args': None, 'catkin_skip_building_tests': False, 'cmake_args': None, 'cmake_clean_cache': False, 'cmake_clean_first': False, 'cmake_force_configure': False, 'cmake_target': None, 'cmake_target_skip_unavailable': False, 'install_base': '/home/kaanjetson/ros2_plc_ws/install/plc_comm', 'merge_install': False, 'path': '/home/kaanjetson/ros2_plc_ws/src/plc_comm', 'symlink_install': False, 'test_result_base': None}
[0.797s] INFO:colcon.colcon_core.executor:Executing jobs using 'parallel' executor
[0.800s] DEBUG:colcon.colcon_parallel_executor.executor.parallel:run_until_complete
[0.800s] INFO:colcon.colcon_ros.task.ament_python.build:Building ROS package in '/home/kaanjetson/ros2_plc_ws/src/commcheck' with build type 'ament_python'
[0.801s] Level 1:colcon.colcon_core.shell:create_environment_hook('commcheck', 'ament_prefix_path')
[0.805s] INFO:colcon.colcon_core.plugin_system:Skipping extension 'colcon_core.shell.bat': Not used on non-Windows systems
[0.806s] INFO:colcon.colcon_core.shell:Creating environment hook '/home/kaanjetson/ros2_plc_ws/install/commcheck/share/commcheck/hook/ament_prefix_path.ps1'
[0.807s] INFO:colcon.colcon_core.shell:Creating environment descriptor '/home/kaanjetson/ros2_plc_ws/install/commcheck/share/commcheck/hook/ament_prefix_path.dsv'
[0.808s] INFO:colcon.colcon_core.shell:Creating environment hook '/home/kaanjetson/ros2_plc_ws/install/commcheck/share/commcheck/hook/ament_prefix_path.sh'
[0.810s] INFO:colcon.colcon_core.shell:Skip shell extension 'powershell' for command environment: Not usable outside of PowerShell
[0.810s] DEBUG:colcon.colcon_core.shell:Skip shell extension 'dsv' for command environment
[0.816s] INFO:colcon.colcon_ros.task.ament_python.build:Building ROS package in '/home/kaanjetson/ros2_plc_ws/src/oak_streamer' with build type 'ament_python'
[0.817s] Level 1:colcon.colcon_core.shell:create_environment_hook('oak_streamer', 'ament_prefix_path')
[0.818s] INFO:colcon.colcon_core.shell:Creating environment hook '/home/kaanjetson/ros2_plc_ws/install/oak_streamer/share/oak_streamer/hook/ament_prefix_path.ps1'
[0.818s] INFO:colcon.colcon_core.shell:Creating environment descriptor '/home/kaanjetson/ros2_plc_ws/install/oak_streamer/share/oak_streamer/hook/ament_prefix_path.dsv'
[0.819s] INFO:colcon.colcon_core.shell:Creating environment hook '/home/kaanjetson/ros2_plc_ws/install/oak_streamer/share/oak_streamer/hook/ament_prefix_path.sh'
[0.820s] INFO:colcon.colcon_core.shell:Skip shell extension 'powershell' for command environment: Not usable outside of PowerShell
[0.821s] DEBUG:colcon.colcon_core.shell:Skip shell extension 'dsv' for command environment
[0.826s] INFO:colcon.colcon_ros.task.ament_python.build:Building ROS package in '/home/kaanjetson/ros2_plc_ws/src/plc_comm' with build type 'ament_python'
[0.827s] Level 1:colcon.colcon_core.shell:create_environment_hook('plc_comm', 'ament_prefix_path')
[0.827s] INFO:colcon.colcon_core.shell:Creating environment hook '/home/kaanjetson/ros2_plc_ws/install/plc_comm/share/plc_comm/hook/ament_prefix_path.ps1'
[0.828s] INFO:colcon.colcon_core.shell:Creating environment descriptor '/home/kaanjetson/ros2_plc_ws/install/plc_comm/share/plc_comm/hook/ament_prefix_path.dsv'
[0.829s] INFO:colcon.colcon_core.shell:Creating environment hook '/home/kaanjetson/ros2_plc_ws/install/plc_comm/share/plc_comm/hook/ament_prefix_path.sh'
[0.830s] INFO:colcon.colcon_core.shell:Skip shell extension 'powershell' for command environment: Not usable outside of PowerShell
[0.830s] DEBUG:colcon.colcon_core.shell:Skip shell extension 'dsv' for command environment
[1.405s] WARNING:colcon.colcon_ros.task.ament_python.build:Package 'commcheck' doesn't explicitly install a marker in the package index (colcon-ros currently does it implicitly but that fallback will be removed in the future)
[1.405s] INFO:colcon.colcon_core.task.python.build:Building Python package in '/home/kaanjetson/ros2_plc_ws/src/commcheck'
[1.406s] INFO:colcon.colcon_core.shell:Skip shell extension 'powershell' for command environment: Not usable outside of PowerShell
[1.406s] DEBUG:colcon.colcon_core.shell:Skip shell extension 'dsv' for command environment
[1.979s] INFO:colcon.colcon_core.task.python.build:Building Python package in '/home/kaanjetson/ros2_plc_ws/src/oak_streamer'
[1.979s] INFO:colcon.colcon_core.shell:Skip shell extension 'powershell' for command environment: Not usable outside of PowerShell
[1.980s] DEBUG:colcon.colcon_core.shell:Skip shell extension 'dsv' for command environment
[2.553s] INFO:colcon.colcon_core.task.python.build:Building Python package in '/home/kaanjetson/ros2_plc_ws/src/plc_comm'
[2.554s] INFO:colcon.colcon_core.shell:Skip shell extension 'powershell' for command environment: Not usable outside of PowerShell
[2.554s] DEBUG:colcon.colcon_core.shell:Skip shell extension 'dsv' for command environment
[3.331s] DEBUG:colcon.colcon_core.event_handler.log_command:Invoking command in '/home/kaanjetson/ros2_plc_ws/src/commcheck': PYTHONPATH=/home/kaanjetson/ros2_plc_ws/build/commcheck/prefix_override:/usr/lib/python3/dist-packages/colcon_core/task/python/colcon_distutils_commands:/home/kaanjetson/ros2_plc_ws/install/commcheck/lib/python3.10/site-packages:${PYTHONPATH} /usr/bin/python3 -W ignore:setup.py install is deprecated -W ignore:easy_install command is deprecated setup.py egg_info --egg-base ../../build/commcheck build --build-base /home/kaanjetson/ros2_plc_ws/build/commcheck/build install --record /home/kaanjetson/ros2_plc_ws/build/commcheck/install.log --single-version-externally-managed install_data
[3.362s] DEBUG:colcon.colcon_core.event_handler.log_command:Invoking command in '/home/kaanjetson/ros2_plc_ws/src/plc_comm': PYTHONPATH=/home/kaanjetson/ros2_plc_ws/build/plc_comm/prefix_override:/usr/lib/python3/dist-packages/colcon_core/task/python/colcon_distutils_commands:/home/kaanjetson/ros2_plc_ws/install/plc_comm/lib/python3.10/site-packages:${PYTHONPATH} /usr/bin/python3 -W ignore:setup.py install is deprecated -W ignore:easy_install command is deprecated setup.py egg_info --egg-base ../../build/plc_comm build --build-base /home/kaanjetson/ros2_plc_ws/build/plc_comm/build install --record /home/kaanjetson/ros2_plc_ws/build/plc_comm/install.log --single-version-externally-managed install_data
[3.368s] DEBUG:colcon.colcon_core.event_handler.log_command:Invoking command in '/home/kaanjetson/ros2_plc_ws/src/oak_streamer': PYTHONPATH=/home/kaanjetson/ros2_plc_ws/build/oak_streamer/prefix_override:/usr/lib/python3/dist-packages/colcon_core/task/python/colcon_distutils_commands:/home/kaanjetson/ros2_plc_ws/install/oak_streamer/lib/python3.10/site-packages:${PYTHONPATH} /usr/bin/python3 -W ignore:setup.py install is deprecated -W ignore:easy_install command is deprecated setup.py egg_info --egg-base ../../build/oak_streamer build --build-base /home/kaanjetson/ros2_plc_ws/build/oak_streamer/build install --record /home/kaanjetson/ros2_plc_ws/build/oak_streamer/install.log --single-version-externally-managed install_data
[4.007s] DEBUG:colcon.colcon_core.event_handler.log_command:Invoked command in '/home/kaanjetson/ros2_plc_ws/src/commcheck' returned '0': PYTHONPATH=/home/kaanjetson/ros2_plc_ws/build/commcheck/prefix_override:/usr/lib/python3/dist-packages/colcon_core/task/python/colcon_distutils_commands:/home/kaanjetson/ros2_plc_ws/install/commcheck/lib/python3.10/site-packages:${PYTHONPATH} /usr/bin/python3 -W ignore:setup.py install is deprecated -W ignore:easy_install command is deprecated setup.py egg_info --egg-base ../../build/commcheck build --build-base /home/kaanjetson/ros2_plc_ws/build/commcheck/build install --record /home/kaanjetson/ros2_plc_ws/build/commcheck/install.log --single-version-externally-managed install_data
[4.016s] Level 1:colcon.colcon_core.environment:checking '/home/kaanjetson/ros2_plc_ws/install/commcheck' for CMake module files
[4.017s] Level 1:colcon.colcon_core.environment:checking '/home/kaanjetson/ros2_plc_ws/install/commcheck' for CMake config files
[4.020s] Level 1:colcon.colcon_core.environment:checking '/home/kaanjetson/ros2_plc_ws/install/commcheck/lib'
[4.020s] Level 1:colcon.colcon_core.environment:checking '/home/kaanjetson/ros2_plc_ws/install/commcheck/bin'
[4.021s] Level 1:colcon.colcon_core.environment:checking '/home/kaanjetson/ros2_plc_ws/install/commcheck/lib/pkgconfig/commcheck.pc'
[4.021s] Level 1:colcon.colcon_core.environment:checking '/home/kaanjetson/ros2_plc_ws/install/commcheck/lib/python3.10/site-packages'
[4.022s] Level 1:colcon.colcon_core.shell:create_environment_hook('commcheck', 'pythonpath')
[4.023s] INFO:colcon.colcon_core.shell:Creating environment hook '/home/kaanjetson/ros2_plc_ws/install/commcheck/share/commcheck/hook/pythonpath.ps1'
[4.025s] INFO:colcon.colcon_core.shell:Creating environment descriptor '/home/kaanjetson/ros2_plc_ws/install/commcheck/share/commcheck/hook/pythonpath.dsv'
[4.026s] INFO:colcon.colcon_core.shell:Creating environment hook '/home/kaanjetson/ros2_plc_ws/install/commcheck/share/commcheck/hook/pythonpath.sh'
[4.029s] Level 1:colcon.colcon_core.environment:checking '/home/kaanjetson/ros2_plc_ws/install/commcheck/bin'
[4.029s] Level 1:colcon.colcon_core.environment:create_environment_scripts_only(commcheck)
[4.031s] INFO:colcon.colcon_core.shell:Creating package script '/home/kaanjetson/ros2_plc_ws/install/commcheck/share/commcheck/package.ps1'
[4.034s] INFO:colcon.colcon_core.shell:Creating package descriptor '/home/kaanjetson/ros2_plc_ws/install/commcheck/share/commcheck/package.dsv'
[4.036s] INFO:colcon.colcon_core.shell:Creating package script '/home/kaanjetson/ros2_plc_ws/install/commcheck/share/commcheck/package.sh'
[4.039s] INFO:colcon.colcon_core.shell:Creating package script '/home/kaanjetson/ros2_plc_ws/install/commcheck/share/commcheck/package.bash'
[4.042s] INFO:colcon.colcon_core.shell:Creating package script '/home/kaanjetson/ros2_plc_ws/install/commcheck/share/commcheck/package.zsh'
[4.045s] Level 1:colcon.colcon_core.environment:create_file_with_runtime_dependencies(/home/kaanjetson/ros2_plc_ws/install/commcheck/share/colcon-core/packages/commcheck)
[4.064s] Level 1:colcon.colcon_core.environment:checking '/home/kaanjetson/ros2_plc_ws/install/plc_comm' for CMake module files
[4.066s] DEBUG:colcon.colcon_core.event_handler.log_command:Invoked command in '/home/kaanjetson/ros2_plc_ws/src/plc_comm' returned '0': PYTHONPATH=/home/kaanjetson/ros2_plc_ws/build/plc_comm/prefix_override:/usr/lib/python3/dist-packages/colcon_core/task/python/colcon_distutils_commands:/home/kaanjetson/ros2_plc_ws/install/plc_comm/lib/python3.10/site-packages:${PYTHONPATH} /usr/bin/python3 -W ignore:setup.py install is deprecated -W ignore:easy_install command is deprecated setup.py egg_info --egg-base ../../build/plc_comm build --build-base /home/kaanjetson/ros2_plc_ws/build/plc_comm/build install --record /home/kaanjetson/ros2_plc_ws/build/plc_comm/install.log --single-version-externally-managed install_data
[4.067s] Level 1:colcon.colcon_core.environment:checking '/home/kaanjetson/ros2_plc_ws/install/plc_comm' for CMake config files
[4.069s] Level 1:colcon.colcon_core.environment:checking '/home/kaanjetson/ros2_plc_ws/install/plc_comm/lib'
[4.069s] Level 1:colcon.colcon_core.environment:checking '/home/kaanjetson/ros2_plc_ws/install/plc_comm/bin'
[4.070s] Level 1:colcon.colcon_core.environment:checking '/home/kaanjetson/ros2_plc_ws/install/plc_comm/lib/pkgconfig/plc_comm.pc'
[4.071s] Level 1:colcon.colcon_core.environment:checking '/home/kaanjetson/ros2_plc_ws/install/plc_comm/lib/python3.10/site-packages'
[4.071s] Level 1:colcon.colcon_core.shell:create_environment_hook('plc_comm', 'pythonpath')
[4.072s] INFO:colcon.colcon_core.shell:Creating environment hook '/home/kaanjetson/ros2_plc_ws/install/plc_comm/share/plc_comm/hook/pythonpath.ps1'
[4.074s] INFO:colcon.colcon_core.shell:Creating environment descriptor '/home/kaanjetson/ros2_plc_ws/install/plc_comm/share/plc_comm/hook/pythonpath.dsv'
[4.075s] INFO:colcon.colcon_core.shell:Creating environment hook '/home/kaanjetson/ros2_plc_ws/install/plc_comm/share/plc_comm/hook/pythonpath.sh'
[4.077s] Level 1:colcon.colcon_core.environment:checking '/home/kaanjetson/ros2_plc_ws/install/plc_comm/bin'
[4.078s] Level 1:colcon.colcon_core.environment:create_environment_scripts_only(plc_comm)
[4.079s] INFO:colcon.colcon_core.shell:Creating package script '/home/kaanjetson/ros2_plc_ws/install/plc_comm/share/plc_comm/package.ps1'
[4.081s] INFO:colcon.colcon_core.shell:Creating package descriptor '/home/kaanjetson/ros2_plc_ws/install/plc_comm/share/plc_comm/package.dsv'
[4.082s] INFO:colcon.colcon_core.shell:Creating package script '/home/kaanjetson/ros2_plc_ws/install/plc_comm/share/plc_comm/package.sh'
[4.084s] INFO:colcon.colcon_core.shell:Creating package script '/home/kaanjetson/ros2_plc_ws/install/plc_comm/share/plc_comm/package.bash'
[4.085s] INFO:colcon.colcon_core.shell:Creating package script '/home/kaanjetson/ros2_plc_ws/install/plc_comm/share/plc_comm/package.zsh'
[4.087s] Level 1:colcon.colcon_core.environment:create_file_with_runtime_dependencies(/home/kaanjetson/ros2_plc_ws/install/plc_comm/share/colcon-core/packages/plc_comm)
[4.091s] Level 1:colcon.colcon_core.environment:checking '/home/kaanjetson/ros2_plc_ws/install/oak_streamer' for CMake module files
[4.093s] DEBUG:colcon.colcon_core.event_handler.log_command:Invoked command in '/home/kaanjetson/ros2_plc_ws/src/oak_streamer' returned '0': PYTHONPATH=/home/kaanjetson/ros2_plc_ws/build/oak_streamer/prefix_override:/usr/lib/python3/dist-packages/colcon_core/task/python/colcon_distutils_commands:/home/kaanjetson/ros2_plc_ws/install/oak_streamer/lib/python3.10/site-packages:${PYTHONPATH} /usr/bin/python3 -W ignore:setup.py install is deprecated -W ignore:easy_install command is deprecated setup.py egg_info --egg-base ../../build/oak_streamer build --build-base /home/kaanjetson/ros2_plc_ws/build/oak_streamer/build install --record /home/kaanjetson/ros2_plc_ws/build/oak_streamer/install.log --single-version-externally-managed install_data
[4.094s] Level 1:colcon.colcon_core.environment:checking '/home/kaanjetson/ros2_plc_ws/install/oak_streamer' for CMake config files
[4.096s] Level 1:colcon.colcon_core.environment:checking '/home/kaanjetson/ros2_plc_ws/install/oak_streamer/lib'
[4.096s] Level 1:colcon.colcon_core.environment:checking '/home/kaanjetson/ros2_plc_ws/install/oak_streamer/bin'
[4.097s] Level 1:colcon.colcon_core.environment:checking '/home/kaanjetson/ros2_plc_ws/install/oak_streamer/lib/pkgconfig/oak_streamer.pc'
[4.097s] Level 1:colcon.colcon_core.environment:checking '/home/kaanjetson/ros2_plc_ws/install/oak_streamer/lib/python3.10/site-packages'
[4.098s] Level 1:colcon.colcon_core.shell:create_environment_hook('oak_streamer', 'pythonpath')
[4.098s] INFO:colcon.colcon_core.shell:Creating environment hook '/home/kaanjetson/ros2_plc_ws/install/oak_streamer/share/oak_streamer/hook/pythonpath.ps1'
[4.100s] INFO:colcon.colcon_core.shell:Creating environment descriptor '/home/kaanjetson/ros2_plc_ws/install/oak_streamer/share/oak_streamer/hook/pythonpath.dsv'
[4.101s] INFO:colcon.colcon_core.shell:Creating environment hook '/home/kaanjetson/ros2_plc_ws/install/oak_streamer/share/oak_streamer/hook/pythonpath.sh'
[4.103s] Level 1:colcon.colcon_core.environment:checking '/home/kaanjetson/ros2_plc_ws/install/oak_streamer/bin'
[4.104s] Level 1:colcon.colcon_core.environment:create_environment_scripts_only(oak_streamer)
[4.105s] INFO:colcon.colcon_core.shell:Creating package script '/home/kaanjetson/ros2_plc_ws/install/oak_streamer/share/oak_streamer/package.ps1'
[4.107s] INFO:colcon.colcon_core.shell:Creating package descriptor '/home/kaanjetson/ros2_plc_ws/install/oak_streamer/share/oak_streamer/package.dsv'
[4.108s] INFO:colcon.colcon_core.shell:Creating package script '/home/kaanjetson/ros2_plc_ws/install/oak_streamer/share/oak_streamer/package.sh'
[4.110s] INFO:colcon.colcon_core.shell:Creating package script '/home/kaanjetson/ros2_plc_ws/install/oak_streamer/share/oak_streamer/package.bash'
[4.111s] INFO:colcon.colcon_core.shell:Creating package script '/home/kaanjetson/ros2_plc_ws/install/oak_streamer/share/oak_streamer/package.zsh'
[4.113s] Level 1:colcon.colcon_core.environment:create_file_with_runtime_dependencies(/home/kaanjetson/ros2_plc_ws/install/oak_streamer/share/colcon-core/packages/oak_streamer)
[4.114s] DEBUG:colcon.colcon_parallel_executor.executor.parallel:closing loop
[4.115s] DEBUG:colcon.colcon_parallel_executor.executor.parallel:loop closed
[4.116s] DEBUG:colcon.colcon_parallel_executor.executor.parallel:run_until_complete finished with '0'
[4.116s] DEBUG:colcon.colcon_core.event_reactor:joining thread
[4.135s] INFO:colcon.colcon_core.plugin_system:Skipping extension 'colcon_notification.desktop_notification.terminal_notifier': Not used on non-Darwin systems
[4.135s] INFO:colcon.colcon_core.plugin_system:Skipping extension 'colcon_notification.desktop_notification.win32': Not used on non-Windows systems
[4.136s] INFO:colcon.colcon_notification.desktop_notification:Sending desktop notification using 'notify2'
[4.168s] DEBUG:colcon.colcon_notification.desktop_notification.notify2:Failed to initialize notify2: org.freedesktop.DBus.Error.Spawn.ChildExited: Process org.freedesktop.Notifications exited with status 1
[4.169s] DEBUG:colcon.colcon_core.event_reactor:joined thread
[4.170s] INFO:colcon.colcon_core.shell:Creating prefix script '/home/kaanjetson/ros2_plc_ws/install/local_setup.ps1'
[4.174s] INFO:colcon.colcon_core.shell:Creating prefix util module '/home/kaanjetson/ros2_plc_ws/install/_local_setup_util_ps1.py'
[4.180s] INFO:colcon.colcon_core.shell:Creating prefix chain script '/home/kaanjetson/ros2_plc_ws/install/setup.ps1'
[4.183s] INFO:colcon.colcon_core.shell:Creating prefix script '/home/kaanjetson/ros2_plc_ws/install/local_setup.sh'
[4.185s] INFO:colcon.colcon_core.shell:Creating prefix util module '/home/kaanjetson/ros2_plc_ws/install/_local_setup_util_sh.py'
[4.187s] INFO:colcon.colcon_core.shell:Creating prefix chain script '/home/kaanjetson/ros2_plc_ws/install/setup.sh'
[4.191s] INFO:colcon.colcon_core.shell:Creating prefix script '/home/kaanjetson/ros2_plc_ws/install/local_setup.bash'
[4.193s] INFO:colcon.colcon_core.shell:Creating prefix chain script '/home/kaanjetson/ros2_plc_ws/install/setup.bash'
[4.196s] INFO:colcon.colcon_core.shell:Creating prefix script '/home/kaanjetson/ros2_plc_ws/install/local_setup.zsh'
[4.198s] INFO:colcon.colcon_core.shell:Creating prefix chain script '/home/kaanjetson/ros2_plc_ws/install/setup.zsh'
